{"/Users/vaheminasyan/Desktop/tez/website/client/src/App.tsx": {"path":"/Users/vaheminasyan/Desktop/tez/website/client/src/App.tsx","statementMap":{"0":{"start":{"line":24,"column":19},"end":{"line":24,"column":32}},"1":{"start":{"line":25,"column":19},"end":{"line":25,"column":33}},"2":{"start":{"line":26,"column":16},"end":{"line":26,"column":56}},"3":{"start":{"line":26,"column":30},"end":{"line":26,"column":47}},"4":{"start":{"line":28,"column":2},"end":{"line":44,"column":3}},"5":{"start":{"line":29,"column":14},"end":{"line":29,"column":38}},"6":{"start":{"line":30,"column":4},"end":{"line":30,"column":63}},"7":{"start":{"line":31,"column":4},"end":{"line":31,"column":74}},"8":{"start":{"line":32,"column":4},"end":{"line":32,"column":78}},"9":{"start":{"line":33,"column":4},"end":{"line":33,"column":69}},"10":{"start":{"line":34,"column":4},"end":{"line":34,"column":76}},"11":{"start":{"line":35,"column":4},"end":{"line":35,"column":70}},"12":{"start":{"line":36,"column":4},"end":{"line":36,"column":74}},"13":{"start":{"line":37,"column":4},"end":{"line":37,"column":103}},"14":{"start":{"line":38,"column":4},"end":{"line":43,"column":6}},"15":{"start":{"line":46,"column":30},"end":{"line":52,"column":16}},"16":{"start":{"line":47,"column":25},"end":{"line":47,"column":77}},"17":{"start":{"line":48,"column":4},"end":{"line":51,"column":5}},"18":{"start":{"line":49,"column":27},"end":{"line":49,"column":54}},"19":{"start":{"line":50,"column":6},"end":{"line":50,"column":50}},"20":{"start":{"line":54,"column":2},"end":{"line":56,"column":28}},"21":{"start":{"line":55,"column":4},"end":{"line":55,"column":26}},"22":{"start":{"line":59,"column":22},"end":{"line":59,"column":73}},"23":{"start":{"line":59,"column":50},"end":{"line":59,"column":72}},"24":{"start":{"line":60,"column":23},"end":{"line":60,"column":75}},"25":{"start":{"line":60,"column":51},"end":{"line":60,"column":74}},"26":{"start":{"line":62,"column":2},"end":{"line":164,"column":4}},"27":{"start":{"line":67,"column":51},"end":{"line":67,"column":87}}},"fnMap":{"0":{"name":"App","decl":{"start":{"line":23,"column":9},"end":{"line":23,"column":12}},"loc":{"start":{"line":23,"column":15},"end":{"line":165,"column":1}},"line":23},"1":{"name":"(anonymous_1)","decl":{"start":{"line":26,"column":24},"end":{"line":26,"column":25}},"loc":{"start":{"line":26,"column":30},"end":{"line":26,"column":47}},"line":26},"2":{"name":"(anonymous_2)","decl":{"start":{"line":46,"column":42},"end":{"line":46,"column":43}},"loc":{"start":{"line":46,"column":54},"end":{"line":52,"column":3}},"line":46},"3":{"name":"(anonymous_3)","decl":{"start":{"line":54,"column":12},"end":{"line":54,"column":13}},"loc":{"start":{"line":54,"column":18},"end":{"line":56,"column":3}},"line":54},"4":{"name":"(anonymous_4)","decl":{"start":{"line":59,"column":34},"end":{"line":59,"column":35}},"loc":{"start":{"line":59,"column":50},"end":{"line":59,"column":72}},"line":59},"5":{"name":"(anonymous_5)","decl":{"start":{"line":60,"column":35},"end":{"line":60,"column":36}},"loc":{"start":{"line":60,"column":51},"end":{"line":60,"column":74}},"line":60},"6":{"name":"(anonymous_6)","decl":{"start":{"line":67,"column":45},"end":{"line":67,"column":46}},"loc":{"start":{"line":67,"column":51},"end":{"line":67,"column":87}},"line":67}},"branchMap":{"0":{"loc":{"start":{"line":28,"column":2},"end":{"line":44,"column":3}},"type":"if","locations":[{"start":{"line":28,"column":2},"end":{"line":44,"column":3}},{"start":{},"end":{}}],"line":28},"1":{"loc":{"start":{"line":40,"column":6},"end":{"line":42,"column":35}},"type":"cond-expr","locations":[{"start":{"line":41,"column":10},"end":{"line":41,"column":33}},{"start":{"line":42,"column":10},"end":{"line":42,"column":35}}],"line":40},"2":{"loc":{"start":{"line":48,"column":4},"end":{"line":51,"column":5}},"type":"if","locations":[{"start":{"line":48,"column":4},"end":{"line":51,"column":5}},{"start":{},"end":{}}],"line":48}},"s":{"0":2,"1":2,"2":2,"3":2,"4":2,"5":2,"6":2,"7":2,"8":2,"9":2,"10":2,"11":2,"12":2,"13":2,"14":2,"15":2,"16":2,"17":2,"18":1,"19":1,"20":2,"21":2,"22":2,"23":2,"24":2,"25":2,"26":2,"27":0},"f":{"0":2,"1":2,"2":2,"3":2,"4":2,"5":2,"6":0},"b":{"0":[2,0],"1":[2,0],"2":[1,1]},"_coverageSchema":"1a1c01bbd47fc00a2c39e90264f33305004495a9","hash":"275b29cd69cc5100bdcb56cf69712760f33e80d0"}
,"/Users/vaheminasyan/Desktop/tez/website/client/src/index.tsx": {"path":"/Users/vaheminasyan/Desktop/tez/website/client/src/index.tsx","statementMap":{"0":{"start":{"line":11,"column":13},"end":{"line":13,"column":1}},"1":{"start":{"line":15,"column":0},"end":{"line":23,"column":2}},"2":{"start":{"line":25,"column":0},"end":{"line":25,"column":18}}},"fnMap":{},"branchMap":{},"s":{"0":0,"1":0,"2":0},"f":{},"b":{}}
,"/Users/vaheminasyan/Desktop/tez/website/client/src/reportWebVitals.ts": {"path":"/Users/vaheminasyan/Desktop/tez/website/client/src/reportWebVitals.ts","statementMap":{"0":{"start":{"line":3,"column":24},"end":{"line":13,"column":1}},"1":{"start":{"line":4,"column":2},"end":{"line":12,"column":3}},"2":{"start":{"line":5,"column":4},"end":{"line":11,"column":7}},"3":{"start":{"line":6,"column":6},"end":{"line":6,"column":26}},"4":{"start":{"line":7,"column":6},"end":{"line":7,"column":26}},"5":{"start":{"line":8,"column":6},"end":{"line":8,"column":26}},"6":{"start":{"line":9,"column":6},"end":{"line":9,"column":26}},"7":{"start":{"line":10,"column":6},"end":{"line":10,"column":27}}},"fnMap":{"0":{"name":"(anonymous_0)","decl":{"start":{"line":3,"column":24},"end":{"line":3,"column":25}},"loc":{"start":{"line":3,"column":57},"end":{"line":13,"column":1}},"line":3},"1":{"name":"(anonymous_1)","decl":{"start":{"line":5,"column":30},"end":{"line":5,"column":31}},"loc":{"start":{"line":5,"column":79},"end":{"line":11,"column":5}},"line":5}},"branchMap":{"0":{"loc":{"start":{"line":4,"column":2},"end":{"line":12,"column":3}},"type":"if","locations":[{"start":{"line":4,"column":2},"end":{"line":12,"column":3}},{"start":{},"end":{}}],"line":4},"1":{"loc":{"start":{"line":4,"column":6},"end":{"line":4,"column":52}},"type":"binary-expr","locations":[{"start":{"line":4,"column":6},"end":{"line":4,"column":17}},{"start":{"line":4,"column":21},"end":{"line":4,"column":52}}],"line":4}},"s":{"0":0,"1":0,"2":0,"3":0,"4":0,"5":0,"6":0,"7":0},"f":{"0":0,"1":0},"b":{"0":[0,0],"1":[0,0]}}
,"/Users/vaheminasyan/Desktop/tez/website/client/src/setupProxy.js": {"path":"/Users/vaheminasyan/Desktop/tez/website/client/src/setupProxy.js","statementMap":{"0":{"start":{"line":1,"column":34},"end":{"line":1,"column":66}},"1":{"start":{"line":2,"column":0},"end":{"line":11,"column":2}},"2":{"start":{"line":3,"column":2},"end":{"line":10,"column":4}}},"fnMap":{"0":{"name":"(anonymous_0)","decl":{"start":{"line":2,"column":17},"end":{"line":2,"column":18}},"loc":{"start":{"line":2,"column":32},"end":{"line":11,"column":1}},"line":2}},"branchMap":{},"s":{"0":0,"1":0,"2":0},"f":{"0":0},"b":{}}
,"/Users/vaheminasyan/Desktop/tez/website/client/src/theme.ts": {"path":"/Users/vaheminasyan/Desktop/tez/website/client/src/theme.ts","statementMap":{"0":{"start":{"line":7,"column":18},"end":{"line":7,"column":27}},"1":{"start":{"line":8,"column":19},"end":{"line":8,"column":28}},"2":{"start":{"line":9,"column":23},"end":{"line":9,"column":32}},"3":{"start":{"line":10,"column":29},"end":{"line":10,"column":38}},"4":{"start":{"line":12,"column":19},"end":{"line":12,"column":28}},"5":{"start":{"line":13,"column":20},"end":{"line":13,"column":29}},"6":{"start":{"line":14,"column":24},"end":{"line":14,"column":33}},"7":{"start":{"line":15,"column":30},"end":{"line":15,"column":39}},"8":{"start":{"line":17,"column":27},"end":{"line":50,"column":4}},"9":{"start":{"line":18,"column":2},"end":{"line":50,"column":4}}},"fnMap":{"0":{"name":"(anonymous_0)","decl":{"start":{"line":17,"column":27},"end":{"line":17,"column":28}},"loc":{"start":{"line":18,"column":2},"end":{"line":50,"column":4}},"line":18}},"branchMap":{"0":{"loc":{"start":{"line":22,"column":14},"end":{"line":22,"column":64}},"type":"cond-expr","locations":[{"start":{"line":22,"column":32},"end":{"line":22,"column":46}},{"start":{"line":22,"column":49},"end":{"line":22,"column":64}}],"line":22},"1":{"loc":{"start":{"line":23,"column":15},"end":{"line":23,"column":77}},"type":"cond-expr","locations":[{"start":{"line":23,"column":33},"end":{"line":23,"column":53}},{"start":{"line":23,"column":56},"end":{"line":23,"column":77}}],"line":23},"2":{"loc":{"start":{"line":25,"column":10},"end":{"line":45,"column":11}},"type":"cond-expr","locations":[{"start":{"line":26,"column":10},"end":{"line":35,"column":11}},{"start":{"line":36,"column":10},"end":{"line":45,"column":11}}],"line":25}},"s":{"0":1,"1":1,"2":1,"3":1,"4":1,"5":1,"6":1,"7":1,"8":1,"9":2},"f":{"0":2},"b":{"0":[2,0],"1":[2,0],"2":[2,0]},"_coverageSchema":"1a1c01bbd47fc00a2c39e90264f33305004495a9","hash":"c589be33b3a08a48b7ab88e8c09043a75f9f3f3b"}
,"/Users/vaheminasyan/Desktop/tez/website/client/src/components/Button/Button.tsx": {"path":"/Users/vaheminasyan/Desktop/tez/website/client/src/components/Button/Button.tsx","statementMap":{"0":{"start":{"line":17,"column":15},"end":{"line":83,"column":1}},"1":{"start":{"line":28,"column":16},"end":{"line":28,"column":26}},"2":{"start":{"line":29,"column":27},"end":{"line":29,"column":50}},"3":{"start":{"line":33,"column":4},"end":{"line":33,"column":81}},"4":{"start":{"line":34,"column":28},"end":{"line":38,"column":15}},"5":{"start":{"line":40,"column":2},"end":{"line":82,"column":4}},"6":{"start":{"line":59,"column":22},"end":{"line":59,"column":62}},"7":{"start":{"line":61,"column":8},"end":{"line":64,"column":9}},"8":{"start":{"line":62,"column":10},"end":{"line":62,"column":29}},"9":{"start":{"line":63,"column":10},"end":{"line":63,"column":24}}},"fnMap":{"0":{"name":"(anonymous_0)","decl":{"start":{"line":17,"column":15},"end":{"line":17,"column":16}},"loc":{"start":{"line":27,"column":13},"end":{"line":83,"column":1}},"line":27},"1":{"name":"(anonymous_1)","decl":{"start":{"line":59,"column":15},"end":{"line":59,"column":16}},"loc":{"start":{"line":59,"column":22},"end":{"line":59,"column":62}},"line":59},"2":{"name":"(anonymous_2)","decl":{"start":{"line":60,"column":17},"end":{"line":60,"column":18}},"loc":{"start":{"line":60,"column":24},"end":{"line":65,"column":7}},"line":60}},"branchMap":{"0":{"loc":{"start":{"line":29,"column":27},"end":{"line":29,"column":50}},"type":"binary-expr","locations":[{"start":{"line":29,"column":27},"end":{"line":29,"column":37}},{"start":{"line":29,"column":41},"end":{"line":29,"column":50}}],"line":29},"1":{"loc":{"start":{"line":33,"column":4},"end":{"line":33,"column":81}},"type":"binary-expr","locations":[{"start":{"line":33,"column":4},"end":{"line":33,"column":36}},{"start":{"line":33,"column":40},"end":{"line":33,"column":81}}],"line":33},"2":{"loc":{"start":{"line":34,"column":28},"end":{"line":38,"column":15}},"type":"cond-expr","locations":[{"start":{"line":35,"column":6},"end":{"line":37,"column":17}},{"start":{"line":38,"column":6},"end":{"line":38,"column":15}}],"line":34},"3":{"loc":{"start":{"line":35,"column":6},"end":{"line":37,"column":17}},"type":"cond-expr","locations":[{"start":{"line":36,"column":8},"end":{"line":36,"column":17}},{"start":{"line":37,"column":8},"end":{"line":37,"column":17}}],"line":35},"4":{"loc":{"start":{"line":45,"column":17},"end":{"line":45,"column":63}},"type":"binary-expr","locations":[{"start":{"line":45,"column":17},"end":{"line":45,"column":24}},{"start":{"line":45,"column":28},"end":{"line":45,"column":63}}],"line":45},"5":{"loc":{"start":{"line":48,"column":27},"end":{"line":48,"column":67}},"type":"cond-expr","locations":[{"start":{"line":48,"column":47},"end":{"line":48,"column":57}},{"start":{"line":48,"column":60},"end":{"line":48,"column":67}}],"line":48},"6":{"loc":{"start":{"line":49,"column":21},"end":{"line":49,"column":62}},"type":"cond-expr","locations":[{"start":{"line":49,"column":41},"end":{"line":49,"column":53}},{"start":{"line":49,"column":56},"end":{"line":49,"column":62}}],"line":49},"7":{"loc":{"start":{"line":51,"column":16},"end":{"line":51,"column":61}},"type":"cond-expr","locations":[{"start":{"line":51,"column":36},"end":{"line":51,"column":45}},{"start":{"line":51,"column":48},"end":{"line":51,"column":61}}],"line":51},"8":{"loc":{"start":{"line":52,"column":17},"end":{"line":52,"column":44}},"type":"cond-expr","locations":[{"start":{"line":52,"column":36},"end":{"line":52,"column":40}},{"start":{"line":52,"column":43},"end":{"line":52,"column":44}}],"line":52},"9":{"loc":{"start":{"line":53,"column":23},"end":{"line":53,"column":57}},"type":"cond-expr","locations":[{"start":{"line":53,"column":42},"end":{"line":53,"column":48}},{"start":{"line":53,"column":51},"end":{"line":53,"column":57}}],"line":53},"10":{"loc":{"start":{"line":57,"column":16},"end":{"line":57,"column":41}},"type":"cond-expr","locations":[{"start":{"line":57,"column":35},"end":{"line":57,"column":37}},{"start":{"line":57,"column":40},"end":{"line":57,"column":41}}],"line":57},"11":{"loc":{"start":{"line":59,"column":22},"end":{"line":59,"column":62}},"type":"cond-expr","locations":[{"start":{"line":59,"column":42},"end":{"line":59,"column":55}},{"start":{"line":59,"column":58},"end":{"line":59,"column":62}}],"line":59},"12":{"loc":{"start":{"line":61,"column":8},"end":{"line":64,"column":9}},"type":"if","locations":[{"start":{"line":61,"column":8},"end":{"line":64,"column":9}},{"start":{},"end":{}}],"line":61},"13":{"loc":{"start":{"line":61,"column":12},"end":{"line":61,"column":50}},"type":"binary-expr","locations":[{"start":{"line":61,"column":12},"end":{"line":61,"column":29}},{"start":{"line":61,"column":33},"end":{"line":61,"column":50}}],"line":61},"14":{"loc":{"start":{"line":67,"column":7},"end":{"line":80,"column":7}},"type":"cond-expr","locations":[{"start":{"line":68,"column":8},"end":{"line":68,"column":72}},{"start":{"line":70,"column":8},"end":{"line":79,"column":21}}],"line":67}},"s":{"0":0,"1":0,"2":0,"3":0,"4":0,"5":0,"6":0,"7":0,"8":0,"9":0},"f":{"0":0,"1":0,"2":0},"b":{"0":[0,0],"1":[0,0],"2":[0,0],"3":[0,0],"4":[0,0],"5":[0,0],"6":[0,0],"7":[0,0],"8":[0,0],"9":[0,0],"10":[0,0],"11":[0,0],"12":[0,0],"13":[0,0],"14":[0,0]}}
,"/Users/vaheminasyan/Desktop/tez/website/client/src/components/Header/Header.styles.tsx": {"path":"/Users/vaheminasyan/Desktop/tez/website/client/src/components/Header/Header.styles.tsx","statementMap":{"0":{"start":{"line":3,"column":28},"end":{"line":96,"column":1}},"1":{"start":{"line":4,"column":38},"end":{"line":12,"column":3}}},"fnMap":{"0":{"name":"(anonymous_0)","decl":{"start":{"line":4,"column":13},"end":{"line":4,"column":14}},"loc":{"start":{"line":4,"column":38},"end":{"line":12,"column":3}},"line":4}},"branchMap":{"0":{"loc":{"start":{"line":8,"column":16},"end":{"line":8,"column":55}},"type":"cond-expr","locations":[{"start":{"line":8,"column":28},"end":{"line":8,"column":39}},{"start":{"line":8,"column":42},"end":{"line":8,"column":55}}],"line":8}},"s":{"0":0,"1":0},"f":{"0":0},"b":{"0":[0,0]}}
,"/Users/vaheminasyan/Desktop/tez/website/client/src/components/Header/Header.tsx": {"path":"/Users/vaheminasyan/Desktop/tez/website/client/src/components/Header/Header.tsx","statementMap":{"0":{"start":{"line":17,"column":24},"end":{"line":30,"column":1}},"1":{"start":{"line":18,"column":20},"end":{"line":18,"column":54}},"2":{"start":{"line":19,"column":2},"end":{"line":29,"column":3}},"3":{"start":{"line":20,"column":4},"end":{"line":23,"column":7}},"4":{"start":{"line":25,"column":4},"end":{"line":28,"column":7}},"5":{"start":{"line":32,"column":15},"end":{"line":274,"column":1}},"6":{"start":{"line":33,"column":20},"end":{"line":33,"column":34}},"7":{"start":{"line":34,"column":19},"end":{"line":34,"column":32}},"8":{"start":{"line":35,"column":19},"end":{"line":35,"column":32}},"9":{"start":{"line":36,"column":19},"end":{"line":36,"column":32}},"10":{"start":{"line":37,"column":16},"end":{"line":37,"column":32}},"11":{"start":{"line":38,"column":16},"end":{"line":38,"column":26}},"12":{"start":{"line":39,"column":19},"end":{"line":39,"column":62}},"13":{"start":{"line":41,"column":36},"end":{"line":41,"column":51}},"14":{"start":{"line":42,"column":38},"end":{"line":42,"column":53}},"15":{"start":{"line":43,"column":19},"end":{"line":47,"column":19}},"16":{"start":{"line":49,"column":2},"end":{"line":63,"column":9}},"17":{"start":{"line":50,"column":25},"end":{"line":56,"column":5}},"18":{"start":{"line":51,"column":6},"end":{"line":55,"column":7}},"19":{"start":{"line":52,"column":8},"end":{"line":52,"column":27}},"20":{"start":{"line":54,"column":8},"end":{"line":54,"column":28}},"21":{"start":{"line":58,"column":4},"end":{"line":58,"column":52}},"22":{"start":{"line":60,"column":4},"end":{"line":62,"column":6}},"23":{"start":{"line":61,"column":6},"end":{"line":61,"column":57}},"24":{"start":{"line":65,"column":15},"end":{"line":65,"column":59}},"25":{"start":{"line":65,"column":43},"end":{"line":65,"column":58}},"26":{"start":{"line":68,"column":22},"end":{"line":71,"column":3}},"27":{"start":{"line":69,"column":8},"end":{"line":69,"column":44}},"28":{"start":{"line":70,"column":8},"end":{"line":70,"column":50}},"29":{"start":{"line":73,"column":23},"end":{"line":77,"column":3}},"30":{"start":{"line":74,"column":4},"end":{"line":74,"column":60}},"31":{"start":{"line":75,"column":4},"end":{"line":75,"column":33}},"32":{"start":{"line":76,"column":4},"end":{"line":76,"column":25}},"33":{"start":{"line":79,"column":25},"end":{"line":86,"column":3}},"34":{"start":{"line":80,"column":4},"end":{"line":84,"column":5}},"35":{"start":{"line":81,"column":6},"end":{"line":81,"column":34}},"36":{"start":{"line":83,"column":6},"end":{"line":83,"column":20}},"37":{"start":{"line":85,"column":4},"end":{"line":85,"column":25}},"38":{"start":{"line":88,"column":2},"end":{"line":273,"column":4}},"39":{"start":{"line":94,"column":25},"end":{"line":94,"column":45}},"40":{"start":{"line":104,"column":14},"end":{"line":110,"column":27}},"41":{"start":{"line":107,"column":31},"end":{"line":107,"column":59}},"42":{"start":{"line":115,"column":80},"end":{"line":115,"column":101}},"43":{"start":{"line":115,"column":102},"end":{"line":115,"column":123}},"44":{"start":{"line":118,"column":80},"end":{"line":118,"column":101}},"45":{"start":{"line":118,"column":102},"end":{"line":118,"column":123}},"46":{"start":{"line":138,"column":18},"end":{"line":138,"column":32}},"47":{"start":{"line":139,"column":18},"end":{"line":139,"column":39}},"48":{"start":{"line":172,"column":18},"end":{"line":172,"column":79}},"49":{"start":{"line":184,"column":18},"end":{"line":195,"column":25}},"50":{"start":{"line":188,"column":24},"end":{"line":190,"column":41}},"51":{"start":{"line":213,"column":33},"end":{"line":213,"column":53}},"52":{"start":{"line":223,"column":33},"end":{"line":223,"column":53}},"53":{"start":{"line":245,"column":35},"end":{"line":245,"column":49}},"54":{"start":{"line":251,"column":37},"end":{"line":251,"column":50}},"55":{"start":{"line":265,"column":27},"end":{"line":265,"column":46}}},"fnMap":{"0":{"name":"(anonymous_0)","decl":{"start":{"line":17,"column":24},"end":{"line":17,"column":25}},"loc":{"start":{"line":17,"column":40},"end":{"line":30,"column":1}},"line":17},"1":{"name":"(anonymous_1)","decl":{"start":{"line":32,"column":15},"end":{"line":32,"column":16}},"loc":{"start":{"line":32,"column":21},"end":{"line":274,"column":1}},"line":32},"2":{"name":"(anonymous_2)","decl":{"start":{"line":49,"column":12},"end":{"line":49,"column":13}},"loc":{"start":{"line":49,"column":18},"end":{"line":63,"column":3}},"line":49},"3":{"name":"(anonymous_3)","decl":{"start":{"line":50,"column":25},"end":{"line":50,"column":26}},"loc":{"start":{"line":50,"column":31},"end":{"line":56,"column":5}},"line":50},"4":{"name":"(anonymous_4)","decl":{"start":{"line":60,"column":11},"end":{"line":60,"column":12}},"loc":{"start":{"line":60,"column":17},"end":{"line":62,"column":5}},"line":60},"5":{"name":"(anonymous_5)","decl":{"start":{"line":65,"column":27},"end":{"line":65,"column":28}},"loc":{"start":{"line":65,"column":43},"end":{"line":65,"column":58}},"line":65},"6":{"name":"(anonymous_6)","decl":{"start":{"line":68,"column":22},"end":{"line":68,"column":23}},"loc":{"start":{"line":68,"column":34},"end":{"line":71,"column":3}},"line":68},"7":{"name":"(anonymous_7)","decl":{"start":{"line":73,"column":23},"end":{"line":73,"column":24}},"loc":{"start":{"line":73,"column":29},"end":{"line":77,"column":3}},"line":73},"8":{"name":"(anonymous_8)","decl":{"start":{"line":79,"column":25},"end":{"line":79,"column":26}},"loc":{"start":{"line":79,"column":46},"end":{"line":86,"column":3}},"line":79},"9":{"name":"(anonymous_9)","decl":{"start":{"line":94,"column":19},"end":{"line":94,"column":20}},"loc":{"start":{"line":94,"column":25},"end":{"line":94,"column":45}},"line":94},"10":{"name":"(anonymous_10)","decl":{"start":{"line":103,"column":27},"end":{"line":103,"column":28}},"loc":{"start":{"line":104,"column":14},"end":{"line":110,"column":27}},"line":104},"11":{"name":"(anonymous_11)","decl":{"start":{"line":107,"column":25},"end":{"line":107,"column":26}},"loc":{"start":{"line":107,"column":31},"end":{"line":107,"column":59}},"line":107},"12":{"name":"(anonymous_12)","decl":{"start":{"line":115,"column":72},"end":{"line":115,"column":73}},"loc":{"start":{"line":115,"column":78},"end":{"line":115,"column":125}},"line":115},"13":{"name":"(anonymous_13)","decl":{"start":{"line":118,"column":72},"end":{"line":118,"column":73}},"loc":{"start":{"line":118,"column":78},"end":{"line":118,"column":125}},"line":118},"14":{"name":"(anonymous_14)","decl":{"start":{"line":137,"column":29},"end":{"line":137,"column":30}},"loc":{"start":{"line":137,"column":35},"end":{"line":140,"column":17}},"line":137},"15":{"name":"(anonymous_15)","decl":{"start":{"line":171,"column":25},"end":{"line":171,"column":26}},"loc":{"start":{"line":172,"column":18},"end":{"line":172,"column":79}},"line":172},"16":{"name":"(anonymous_16)","decl":{"start":{"line":183,"column":31},"end":{"line":183,"column":32}},"loc":{"start":{"line":184,"column":18},"end":{"line":195,"column":25}},"line":184},"17":{"name":"(anonymous_17)","decl":{"start":{"line":187,"column":31},"end":{"line":187,"column":32}},"loc":{"start":{"line":188,"column":24},"end":{"line":190,"column":41}},"line":188},"18":{"name":"(anonymous_18)","decl":{"start":{"line":213,"column":27},"end":{"line":213,"column":28}},"loc":{"start":{"line":213,"column":33},"end":{"line":213,"column":53}},"line":213},"19":{"name":"(anonymous_19)","decl":{"start":{"line":223,"column":27},"end":{"line":223,"column":28}},"loc":{"start":{"line":223,"column":33},"end":{"line":223,"column":53}},"line":223},"20":{"name":"(anonymous_20)","decl":{"start":{"line":245,"column":29},"end":{"line":245,"column":30}},"loc":{"start":{"line":245,"column":35},"end":{"line":245,"column":49}},"line":245},"21":{"name":"(anonymous_21)","decl":{"start":{"line":251,"column":31},"end":{"line":251,"column":32}},"loc":{"start":{"line":251,"column":37},"end":{"line":251,"column":50}},"line":251},"22":{"name":"(anonymous_22)","decl":{"start":{"line":265,"column":21},"end":{"line":265,"column":22}},"loc":{"start":{"line":265,"column":27},"end":{"line":265,"column":46}},"line":265}},"branchMap":{"0":{"loc":{"start":{"line":19,"column":2},"end":{"line":29,"column":3}},"type":"if","locations":[{"start":{"line":19,"column":2},"end":{"line":29,"column":3}},{"start":{"line":24,"column":9},"end":{"line":29,"column":3}}],"line":19},"1":{"loc":{"start":{"line":43,"column":19},"end":{"line":47,"column":19}},"type":"cond-expr","locations":[{"start":{"line":44,"column":6},"end":{"line":46,"column":35}},{"start":{"line":47,"column":6},"end":{"line":47,"column":19}}],"line":43},"2":{"loc":{"start":{"line":44,"column":6},"end":{"line":46,"column":35}},"type":"cond-expr","locations":[{"start":{"line":45,"column":8},"end":{"line":45,"column":31}},{"start":{"line":46,"column":8},"end":{"line":46,"column":35}}],"line":44},"3":{"loc":{"start":{"line":51,"column":6},"end":{"line":55,"column":7}},"type":"if","locations":[{"start":{"line":51,"column":6},"end":{"line":55,"column":7}},{"start":{"line":53,"column":13},"end":{"line":55,"column":7}}],"line":51},"4":{"loc":{"start":{"line":80,"column":4},"end":{"line":84,"column":5}},"type":"if","locations":[{"start":{"line":80,"column":4},"end":{"line":84,"column":5}},{"start":{"line":82,"column":11},"end":{"line":84,"column":5}}],"line":80},"5":{"loc":{"start":{"line":81,"column":15},"end":{"line":81,"column":32}},"type":"binary-expr","locations":[{"start":{"line":81,"column":15},"end":{"line":81,"column":21}},{"start":{"line":81,"column":25},"end":{"line":81,"column":32}}],"line":81},"6":{"loc":{"start":{"line":90,"column":7},"end":{"line":150,"column":7}},"type":"binary-expr","locations":[{"start":{"line":90,"column":7},"end":{"line":90,"column":15}},{"start":{"line":91,"column":8},"end":{"line":149,"column":17}}],"line":90},"7":{"loc":{"start":{"line":113,"column":13},"end":{"line":132,"column":13}},"type":"binary-expr","locations":[{"start":{"line":113,"column":13},"end":{"line":113,"column":17}},{"start":{"line":114,"column":14},"end":{"line":131,"column":17}}],"line":113},"8":{"loc":{"start":{"line":122,"column":42},"end":{"line":122,"column":59}},"type":"binary-expr","locations":[{"start":{"line":122,"column":42},"end":{"line":122,"column":54}},{"start":{"line":122,"column":58},"end":{"line":122,"column":59}}],"line":122},"9":{"loc":{"start":{"line":134,"column":13},"end":{"line":147,"column":13}},"type":"binary-expr","locations":[{"start":{"line":134,"column":13},"end":{"line":134,"column":18}},{"start":{"line":135,"column":14},"end":{"line":146,"column":16}}],"line":134},"10":{"loc":{"start":{"line":172,"column":18},"end":{"line":172,"column":79}},"type":"cond-expr","locations":[{"start":{"line":172,"column":46},"end":{"line":172,"column":63}},{"start":{"line":172,"column":66},"end":{"line":172,"column":79}}],"line":172},"11":{"loc":{"start":{"line":188,"column":24},"end":{"line":190,"column":41}},"type":"cond-expr","locations":[{"start":{"line":189,"column":28},"end":{"line":189,"column":50}},{"start":{"line":190,"column":28},"end":{"line":190,"column":41}}],"line":188},"12":{"loc":{"start":{"line":209,"column":13},"end":{"line":218,"column":13}},"type":"binary-expr","locations":[{"start":{"line":209,"column":13},"end":{"line":209,"column":17}},{"start":{"line":210,"column":14},"end":{"line":217,"column":21}}],"line":209},"13":{"loc":{"start":{"line":219,"column":13},"end":{"line":228,"column":13}},"type":"binary-expr","locations":[{"start":{"line":219,"column":13},"end":{"line":219,"column":17}},{"start":{"line":220,"column":14},"end":{"line":227,"column":21}}],"line":219},"14":{"loc":{"start":{"line":229,"column":13},"end":{"line":235,"column":13}},"type":"binary-expr","locations":[{"start":{"line":229,"column":13},"end":{"line":229,"column":17}},{"start":{"line":230,"column":14},"end":{"line":234,"column":21}}],"line":229},"15":{"loc":{"start":{"line":232,"column":42},"end":{"line":232,"column":59}},"type":"binary-expr","locations":[{"start":{"line":232,"column":42},"end":{"line":232,"column":54}},{"start":{"line":232,"column":58},"end":{"line":232,"column":59}}],"line":232},"16":{"loc":{"start":{"line":237,"column":15},"end":{"line":258,"column":15}},"type":"cond-expr","locations":[{"start":{"line":238,"column":16},"end":{"line":247,"column":29}},{"start":{"line":249,"column":16},"end":{"line":257,"column":18}}],"line":237}},"s":{"0":0,"1":0,"2":0,"3":0,"4":0,"5":0,"6":0,"7":0,"8":0,"9":0,"10":0,"11":0,"12":0,"13":0,"14":0,"15":0,"16":0,"17":0,"18":0,"19":0,"20":0,"21":0,"22":0,"23":0,"24":0,"25":0,"26":0,"27":0,"28":0,"29":0,"30":0,"31":0,"32":0,"33":0,"34":0,"35":0,"36":0,"37":0,"38":0,"39":0,"40":0,"41":0,"42":0,"43":0,"44":0,"45":0,"46":0,"47":0,"48":0,"49":0,"50":0,"51":0,"52":0,"53":0,"54":0,"55":0},"f":{"0":0,"1":0,"2":0,"3":0,"4":0,"5":0,"6":0,"7":0,"8":0,"9":0,"10":0,"11":0,"12":0,"13":0,"14":0,"15":0,"16":0,"17":0,"18":0,"19":0,"20":0,"21":0,"22":0},"b":{"0":[0,0],"1":[0,0],"2":[0,0],"3":[0,0],"4":[0,0],"5":[0,0],"6":[0,0],"7":[0,0],"8":[0,0],"9":[0,0],"10":[0,0],"11":[0,0],"12":[0,0],"13":[0,0],"14":[0,0],"15":[0,0],"16":[0,0]}}
,"/Users/vaheminasyan/Desktop/tez/website/client/src/components/Input/Input.styles.tsx": {"path":"/Users/vaheminasyan/Desktop/tez/website/client/src/components/Input/Input.styles.tsx","statementMap":{"0":{"start":{"line":1,"column":27},"end":{"line":26,"column":1}}},"fnMap":{},"branchMap":{},"s":{"0":0},"f":{},"b":{}}
,"/Users/vaheminasyan/Desktop/tez/website/client/src/components/Input/Input.tsx": {"path":"/Users/vaheminasyan/Desktop/tez/website/client/src/components/Input/Input.tsx","statementMap":{"0":{"start":{"line":17,"column":14},"end":{"line":33,"column":1}},"1":{"start":{"line":18,"column":2},"end":{"line":32,"column":4}},"2":{"start":{"line":23,"column":28},"end":{"line":23,"column":56}}},"fnMap":{"0":{"name":"(anonymous_0)","decl":{"start":{"line":17,"column":14},"end":{"line":17,"column":15}},"loc":{"start":{"line":17,"column":102},"end":{"line":33,"column":1}},"line":17},"1":{"name":"(anonymous_1)","decl":{"start":{"line":23,"column":16},"end":{"line":23,"column":17}},"loc":{"start":{"line":23,"column":28},"end":{"line":23,"column":56}},"line":23}},"branchMap":{"0":{"loc":{"start":{"line":26,"column":12},"end":{"line":26,"column":28}},"type":"binary-expr","locations":[{"start":{"line":26,"column":12},"end":{"line":26,"column":16}},{"start":{"line":26,"column":20},"end":{"line":26,"column":28}}],"line":26},"1":{"loc":{"start":{"line":27,"column":12},"end":{"line":27,"column":26}},"type":"binary-expr","locations":[{"start":{"line":27,"column":12},"end":{"line":27,"column":16}},{"start":{"line":27,"column":20},"end":{"line":27,"column":26}}],"line":27}},"s":{"0":0,"1":0,"2":0},"f":{"0":0,"1":0},"b":{"0":[0,0],"1":[0,0]}}
,"/Users/vaheminasyan/Desktop/tez/website/client/src/components/LanguageSelector/LanguageSelector.tsx": {"path":"/Users/vaheminasyan/Desktop/tez/website/client/src/components/LanguageSelector/LanguageSelector.tsx","statementMap":{"0":{"start":{"line":6,"column":18},"end":{"line":10,"column":1}},"1":{"start":{"line":12,"column":25},"end":{"line":125,"column":1}},"2":{"start":{"line":13,"column":19},"end":{"line":13,"column":35}},"3":{"start":{"line":14,"column":16},"end":{"line":14,"column":26}},"4":{"start":{"line":15,"column":26},"end":{"line":15,"column":41}},"5":{"start":{"line":17,"column":22},"end":{"line":17,"column":85}},"6":{"start":{"line":17,"column":44},"end":{"line":17,"column":68}},"7":{"start":{"line":19,"column":23},"end":{"line":23,"column":3}},"8":{"start":{"line":20,"column":4},"end":{"line":20,"column":30}},"9":{"start":{"line":21,"column":4},"end":{"line":21,"column":43}},"10":{"start":{"line":22,"column":4},"end":{"line":22,"column":19}},"11":{"start":{"line":25,"column":2},"end":{"line":124,"column":4}},"12":{"start":{"line":28,"column":26},"end":{"line":28,"column":39}},"13":{"start":{"line":29,"column":26},"end":{"line":29,"column":40}},"14":{"start":{"line":80,"column":12},"end":{"line":119,"column":18}},"15":{"start":{"line":82,"column":29},"end":{"line":82,"column":52}}},"fnMap":{"0":{"name":"(anonymous_0)","decl":{"start":{"line":12,"column":25},"end":{"line":12,"column":26}},"loc":{"start":{"line":12,"column":31},"end":{"line":125,"column":1}},"line":12},"1":{"name":"(anonymous_1)","decl":{"start":{"line":17,"column":37},"end":{"line":17,"column":38}},"loc":{"start":{"line":17,"column":44},"end":{"line":17,"column":68}},"line":17},"2":{"name":"(anonymous_2)","decl":{"start":{"line":19,"column":23},"end":{"line":19,"column":24}},"loc":{"start":{"line":19,"column":41},"end":{"line":23,"column":3}},"line":19},"3":{"name":"(anonymous_3)","decl":{"start":{"line":28,"column":20},"end":{"line":28,"column":21}},"loc":{"start":{"line":28,"column":26},"end":{"line":28,"column":39}},"line":28},"4":{"name":"(anonymous_4)","decl":{"start":{"line":29,"column":20},"end":{"line":29,"column":21}},"loc":{"start":{"line":29,"column":26},"end":{"line":29,"column":40}},"line":29},"5":{"name":"(anonymous_5)","decl":{"start":{"line":79,"column":25},"end":{"line":79,"column":26}},"loc":{"start":{"line":80,"column":12},"end":{"line":119,"column":18}},"line":80},"6":{"name":"(anonymous_6)","decl":{"start":{"line":82,"column":23},"end":{"line":82,"column":24}},"loc":{"start":{"line":82,"column":29},"end":{"line":82,"column":52}},"line":82}},"branchMap":{"0":{"loc":{"start":{"line":17,"column":22},"end":{"line":17,"column":85}},"type":"binary-expr","locations":[{"start":{"line":17,"column":22},"end":{"line":17,"column":69}},{"start":{"line":17,"column":73},"end":{"line":17,"column":85}}],"line":17},"1":{"loc":{"start":{"line":42,"column":14},"end":{"line":44,"column":43}},"type":"cond-expr","locations":[{"start":{"line":43,"column":18},"end":{"line":43,"column":42}},{"start":{"line":44,"column":18},"end":{"line":44,"column":43}}],"line":42},"2":{"loc":{"start":{"line":62,"column":7},"end":{"line":122,"column":7}},"type":"binary-expr","locations":[{"start":{"line":62,"column":7},"end":{"line":62,"column":11}},{"start":{"line":63,"column":8},"end":{"line":121,"column":14}}],"line":62},"3":{"loc":{"start":{"line":71,"column":14},"end":{"line":73,"column":53}},"type":"cond-expr","locations":[{"start":{"line":72,"column":18},"end":{"line":72,"column":52}},{"start":{"line":73,"column":18},"end":{"line":73,"column":53}}],"line":71},"4":{"loc":{"start":{"line":91,"column":18},"end":{"line":95,"column":35}},"type":"cond-expr","locations":[{"start":{"line":92,"column":22},"end":{"line":94,"column":49}},{"start":{"line":95,"column":22},"end":{"line":95,"column":35}}],"line":91},"5":{"loc":{"start":{"line":92,"column":22},"end":{"line":94,"column":49}},"type":"cond-expr","locations":[{"start":{"line":93,"column":24},"end":{"line":93,"column":48}},{"start":{"line":94,"column":24},"end":{"line":94,"column":49}}],"line":92},"6":{"loc":{"start":{"line":98,"column":20},"end":{"line":100,"column":49}},"type":"cond-expr","locations":[{"start":{"line":99,"column":24},"end":{"line":99,"column":48}},{"start":{"line":100,"column":24},"end":{"line":100,"column":49}}],"line":98},"7":{"loc":{"start":{"line":110,"column":20},"end":{"line":112,"column":40}},"type":"cond-expr","locations":[{"start":{"line":111,"column":24},"end":{"line":111,"column":44}},{"start":{"line":112,"column":24},"end":{"line":112,"column":40}}],"line":110}},"s":{"0":0,"1":0,"2":0,"3":0,"4":0,"5":0,"6":0,"7":0,"8":0,"9":0,"10":0,"11":0,"12":0,"13":0,"14":0,"15":0},"f":{"0":0,"1":0,"2":0,"3":0,"4":0,"5":0,"6":0},"b":{"0":[0,0],"1":[0,0],"2":[0,0],"3":[0,0],"4":[0,0],"5":[0,0],"6":[0,0],"7":[0,0]}}
,"/Users/vaheminasyan/Desktop/tez/website/client/src/components/Legal/LegalSections.tsx": {"path":"/Users/vaheminasyan/Desktop/tez/website/client/src/components/Legal/LegalSections.tsx","statementMap":{"0":{"start":{"line":10,"column":22},"end":{"line":25,"column":1}},"1":{"start":{"line":11,"column":2},"end":{"line":24,"column":4}}},"fnMap":{"0":{"name":"(anonymous_0)","decl":{"start":{"line":10,"column":22},"end":{"line":10,"column":23}},"loc":{"start":{"line":10,"column":57},"end":{"line":25,"column":1}},"line":10}},"branchMap":{},"s":{"0":0,"1":0},"f":{"0":0},"b":{}}
,"/Users/vaheminasyan/Desktop/tez/website/client/src/components/Legal/LegalSelections.styles.tsx": {"path":"/Users/vaheminasyan/Desktop/tez/website/client/src/components/Legal/LegalSelections.styles.tsx","statementMap":{"0":{"start":{"line":3,"column":37},"end":{"line":19,"column":1}}},"fnMap":{},"branchMap":{},"s":{"0":0},"f":{},"b":{}}
,"/Users/vaheminasyan/Desktop/tez/website/client/src/components/Loading/Loading.styles.tsx": {"path":"/Users/vaheminasyan/Desktop/tez/website/client/src/components/Loading/Loading.styles.tsx","statementMap":{"0":{"start":{"line":1,"column":29},"end":{"line":15,"column":1}}},"fnMap":{},"branchMap":{},"s":{"0":0},"f":{},"b":{}}
,"/Users/vaheminasyan/Desktop/tez/website/client/src/components/Loading/Loading.tsx": {"path":"/Users/vaheminasyan/Desktop/tez/website/client/src/components/Loading/Loading.tsx","statementMap":{"0":{"start":{"line":5,"column":16},"end":{"line":11,"column":1}},"1":{"start":{"line":6,"column":2},"end":{"line":10,"column":4}}},"fnMap":{"0":{"name":"(anonymous_0)","decl":{"start":{"line":5,"column":16},"end":{"line":5,"column":17}},"loc":{"start":{"line":5,"column":22},"end":{"line":11,"column":1}},"line":5}},"branchMap":{},"s":{"0":0,"1":0},"f":{"0":0},"b":{}}
,"/Users/vaheminasyan/Desktop/tez/website/client/src/components/PopUp/PopUp.styles.ts": {"path":"/Users/vaheminasyan/Desktop/tez/website/client/src/components/PopUp/PopUp.styles.ts","statementMap":{"0":{"start":{"line":3,"column":27},"end":{"line":38,"column":1}},"1":{"start":{"line":4,"column":35},"end":{"line":15,"column":3}},"2":{"start":{"line":16,"column":33},"end":{"line":27,"column":3}}},"fnMap":{"0":{"name":"(anonymous_0)","decl":{"start":{"line":4,"column":13},"end":{"line":4,"column":14}},"loc":{"start":{"line":4,"column":35},"end":{"line":15,"column":3}},"line":4},"1":{"name":"(anonymous_1)","decl":{"start":{"line":16,"column":11},"end":{"line":16,"column":12}},"loc":{"start":{"line":16,"column":33},"end":{"line":27,"column":3}},"line":16}},"branchMap":{"0":{"loc":{"start":{"line":14,"column":13},"end":{"line":14,"column":38}},"type":"cond-expr","locations":[{"start":{"line":14,"column":22},"end":{"line":14,"column":29}},{"start":{"line":14,"column":32},"end":{"line":14,"column":38}}],"line":14},"1":{"loc":{"start":{"line":18,"column":9},"end":{"line":18,"column":32}},"type":"cond-expr","locations":[{"start":{"line":18,"column":18},"end":{"line":18,"column":22}},{"start":{"line":18,"column":25},"end":{"line":18,"column":32}}],"line":18}},"s":{"0":0,"1":0,"2":0},"f":{"0":0,"1":0},"b":{"0":[0,0],"1":[0,0]}}
,"/Users/vaheminasyan/Desktop/tez/website/client/src/components/PopUp/PopUp.tsx": {"path":"/Users/vaheminasyan/Desktop/tez/website/client/src/components/PopUp/PopUp.tsx","statementMap":{"0":{"start":{"line":14,"column":14},"end":{"line":40,"column":1}},"1":{"start":{"line":15,"column":2},"end":{"line":26,"column":24}},"2":{"start":{"line":16,"column":4},"end":{"line":16,"column":24}},"3":{"start":{"line":16,"column":17},"end":{"line":16,"column":24}},"4":{"start":{"line":18,"column":26},"end":{"line":22,"column":5}},"5":{"start":{"line":19,"column":6},"end":{"line":21,"column":7}},"6":{"start":{"line":20,"column":8},"end":{"line":20,"column":18}},"7":{"start":{"line":24,"column":4},"end":{"line":24,"column":54}},"8":{"start":{"line":25,"column":4},"end":{"line":25,"column":70}},"9":{"start":{"line":25,"column":17},"end":{"line":25,"column":69}},"10":{"start":{"line":28,"column":2},"end":{"line":39,"column":3}}},"fnMap":{"0":{"name":"(anonymous_0)","decl":{"start":{"line":14,"column":14},"end":{"line":14,"column":15}},"loc":{"start":{"line":14,"column":56},"end":{"line":40,"column":1}},"line":14},"1":{"name":"(anonymous_1)","decl":{"start":{"line":15,"column":12},"end":{"line":15,"column":13}},"loc":{"start":{"line":15,"column":18},"end":{"line":26,"column":3}},"line":15},"2":{"name":"(anonymous_2)","decl":{"start":{"line":18,"column":26},"end":{"line":18,"column":27}},"loc":{"start":{"line":18,"column":48},"end":{"line":22,"column":5}},"line":18},"3":{"name":"(anonymous_3)","decl":{"start":{"line":25,"column":11},"end":{"line":25,"column":12}},"loc":{"start":{"line":25,"column":17},"end":{"line":25,"column":69}},"line":25}},"branchMap":{"0":{"loc":{"start":{"line":16,"column":4},"end":{"line":16,"column":24}},"type":"if","locations":[{"start":{"line":16,"column":4},"end":{"line":16,"column":24}},{"start":{},"end":{}}],"line":16},"1":{"loc":{"start":{"line":19,"column":6},"end":{"line":21,"column":7}},"type":"if","locations":[{"start":{"line":19,"column":6},"end":{"line":21,"column":7}},{"start":{},"end":{}}],"line":19}},"s":{"0":0,"1":0,"2":0,"3":0,"4":0,"5":0,"6":0,"7":0,"8":0,"9":0,"10":0},"f":{"0":0,"1":0,"2":0,"3":0},"b":{"0":[0,0],"1":[0,0]}}
,"/Users/vaheminasyan/Desktop/tez/website/client/src/components/Product/Product.tsx": {"path":"/Users/vaheminasyan/Desktop/tez/website/client/src/components/Product/Product.tsx","statementMap":{"0":{"start":{"line":20,"column":16},"end":{"line":100,"column":1}},"1":{"start":{"line":21,"column":16},"end":{"line":21,"column":32}},"2":{"start":{"line":22,"column":19},"end":{"line":22,"column":32}},"3":{"start":{"line":23,"column":19},"end":{"line":23,"column":32}},"4":{"start":{"line":24,"column":15},"end":{"line":24,"column":59}},"5":{"start":{"line":24,"column":43},"end":{"line":24,"column":58}},"6":{"start":{"line":26,"column":30},"end":{"line":33,"column":3}},"7":{"start":{"line":27,"column":4},"end":{"line":32,"column":5}},"8":{"start":{"line":28,"column":6},"end":{"line":28,"column":20}},"9":{"start":{"line":30,"column":6},"end":{"line":30,"column":42}},"10":{"start":{"line":31,"column":6},"end":{"line":31,"column":48}},"11":{"start":{"line":35,"column":2},"end":{"line":99,"column":4}}},"fnMap":{"0":{"name":"(anonymous_0)","decl":{"start":{"line":20,"column":16},"end":{"line":20,"column":17}},"loc":{"start":{"line":20,"column":86},"end":{"line":100,"column":1}},"line":20},"1":{"name":"(anonymous_1)","decl":{"start":{"line":24,"column":27},"end":{"line":24,"column":28}},"loc":{"start":{"line":24,"column":43},"end":{"line":24,"column":58}},"line":24},"2":{"name":"(anonymous_2)","decl":{"start":{"line":26,"column":30},"end":{"line":26,"column":31}},"loc":{"start":{"line":26,"column":36},"end":{"line":33,"column":3}},"line":26}},"branchMap":{"0":{"loc":{"start":{"line":27,"column":4},"end":{"line":32,"column":5}},"type":"if","locations":[{"start":{"line":27,"column":4},"end":{"line":32,"column":5}},{"start":{"line":29,"column":11},"end":{"line":32,"column":5}}],"line":27},"1":{"loc":{"start":{"line":46,"column":14},"end":{"line":46,"column":45}},"type":"cond-expr","locations":[{"start":{"line":46,"column":24},"end":{"line":46,"column":37}},{"start":{"line":46,"column":40},"end":{"line":46,"column":45}}],"line":46},"2":{"loc":{"start":{"line":86,"column":21},"end":{"line":86,"column":77}},"type":"cond-expr","locations":[{"start":{"line":86,"column":32},"end":{"line":86,"column":52}},{"start":{"line":86,"column":55},"end":{"line":86,"column":77}}],"line":86}},"s":{"0":0,"1":0,"2":0,"3":0,"4":0,"5":0,"6":0,"7":0,"8":0,"9":0,"10":0,"11":0},"f":{"0":0,"1":0,"2":0},"b":{"0":[0,0],"1":[0,0],"2":[0,0]}}
,"/Users/vaheminasyan/Desktop/tez/website/client/src/components/SignIn/SignIn.styles.ts": {"path":"/Users/vaheminasyan/Desktop/tez/website/client/src/components/SignIn/SignIn.styles.ts","statementMap":{"0":{"start":{"line":3,"column":28},"end":{"line":60,"column":1}},"1":{"start":{"line":40,"column":29},"end":{"line":51,"column":3}},"2":{"start":{"line":52,"column":32},"end":{"line":59,"column":3}}},"fnMap":{"0":{"name":"(anonymous_0)","decl":{"start":{"line":40,"column":7},"end":{"line":40,"column":8}},"loc":{"start":{"line":40,"column":29},"end":{"line":51,"column":3}},"line":40},"1":{"name":"(anonymous_1)","decl":{"start":{"line":52,"column":8},"end":{"line":52,"column":9}},"loc":{"start":{"line":52,"column":32},"end":{"line":59,"column":3}},"line":52}},"branchMap":{"0":{"loc":{"start":{"line":42,"column":11},"end":{"line":42,"column":59}},"type":"cond-expr","locations":[{"start":{"line":42,"column":20},"end":{"line":42,"column":40}},{"start":{"line":42,"column":43},"end":{"line":42,"column":59}}],"line":42},"1":{"loc":{"start":{"line":43,"column":18},"end":{"line":43,"column":88}},"type":"cond-expr","locations":[{"start":{"line":43,"column":27},"end":{"line":43,"column":62}},{"start":{"line":43,"column":65},"end":{"line":43,"column":88}}],"line":43},"2":{"loc":{"start":{"line":53,"column":15},"end":{"line":53,"column":49}},"type":"cond-expr","locations":[{"start":{"line":53,"column":26},"end":{"line":53,"column":36}},{"start":{"line":53,"column":39},"end":{"line":53,"column":49}}],"line":53},"3":{"loc":{"start":{"line":54,"column":13},"end":{"line":54,"column":40}},"type":"cond-expr","locations":[{"start":{"line":54,"column":24},"end":{"line":54,"column":31}},{"start":{"line":54,"column":34},"end":{"line":54,"column":40}}],"line":54}},"s":{"0":0,"1":0,"2":0},"f":{"0":0,"1":0},"b":{"0":[0,0],"1":[0,0],"2":[0,0],"3":[0,0]}}
,"/Users/vaheminasyan/Desktop/tez/website/client/src/components/SignIn/SignIn.tsx": {"path":"/Users/vaheminasyan/Desktop/tez/website/client/src/components/SignIn/SignIn.tsx","statementMap":{"0":{"start":{"line":9,"column":14},"end":{"line":31,"column":1}},"1":{"start":{"line":10,"column":18},"end":{"line":10,"column":34}},"2":{"start":{"line":11,"column":38},"end":{"line":11,"column":70}},"3":{"start":{"line":12,"column":46},"end":{"line":15,"column":5}},"4":{"start":{"line":16,"column":2},"end":{"line":30,"column":3}},"5":{"start":{"line":23,"column":24},"end":{"line":23,"column":165}},"6":{"start":{"line":23,"column":92},"end":{"line":23,"column":109}}},"fnMap":{"0":{"name":"(anonymous_0)","decl":{"start":{"line":9,"column":14},"end":{"line":9,"column":15}},"loc":{"start":{"line":9,"column":20},"end":{"line":31,"column":1}},"line":9},"1":{"name":"(anonymous_1)","decl":{"start":{"line":22,"column":56},"end":{"line":22,"column":57}},"loc":{"start":{"line":23,"column":24},"end":{"line":23,"column":165}},"line":23},"2":{"name":"(anonymous_2)","decl":{"start":{"line":23,"column":86},"end":{"line":23,"column":87}},"loc":{"start":{"line":23,"column":92},"end":{"line":23,"column":109}},"line":23}},"branchMap":{},"s":{"0":0,"1":0,"2":0,"3":0,"4":0,"5":0,"6":0},"f":{"0":0,"1":0,"2":0},"b":{}}
,"/Users/vaheminasyan/Desktop/tez/website/client/src/components/SignIn/LoginForm/LoginForm.styles.ts": {"path":"/Users/vaheminasyan/Desktop/tez/website/client/src/components/SignIn/LoginForm/LoginForm.styles.ts","statementMap":{"0":{"start":{"line":1,"column":31},"end":{"line":35,"column":1}},"1":{"start":{"line":28,"column":33},"end":{"line":34,"column":3}}},"fnMap":{"0":{"name":"(anonymous_0)","decl":{"start":{"line":28,"column":9},"end":{"line":28,"column":10}},"loc":{"start":{"line":28,"column":33},"end":{"line":34,"column":3}},"line":28}},"branchMap":{"0":{"loc":{"start":{"line":30,"column":13},"end":{"line":30,"column":37}},"type":"cond-expr","locations":[{"start":{"line":30,"column":24},"end":{"line":30,"column":29}},{"start":{"line":30,"column":32},"end":{"line":30,"column":37}}],"line":30},"1":{"loc":{"start":{"line":32,"column":15},"end":{"line":32,"column":41}},"type":"cond-expr","locations":[{"start":{"line":32,"column":26},"end":{"line":32,"column":33}},{"start":{"line":32,"column":36},"end":{"line":32,"column":41}}],"line":32}},"s":{"0":0,"1":0},"f":{"0":0},"b":{"0":[0,0],"1":[0,0]}}
,"/Users/vaheminasyan/Desktop/tez/website/client/src/components/SignIn/LoginForm/LoginForm.tsx": {"path":"/Users/vaheminasyan/Desktop/tez/website/client/src/components/SignIn/LoginForm/LoginForm.tsx","statementMap":{"0":{"start":{"line":14,"column":18},"end":{"line":96,"column":1}},"1":{"start":{"line":15,"column":16},"end":{"line":15,"column":32}},"2":{"start":{"line":16,"column":28},"end":{"line":16,"column":40}},"3":{"start":{"line":17,"column":34},"end":{"line":17,"column":46}},"4":{"start":{"line":18,"column":28},"end":{"line":18,"column":57}},"5":{"start":{"line":19,"column":36},"end":{"line":19,"column":51}},"6":{"start":{"line":20,"column":19},"end":{"line":20,"column":32}},"7":{"start":{"line":22,"column":22},"end":{"line":45,"column":3}},"8":{"start":{"line":23,"column":4},"end":{"line":23,"column":26}},"9":{"start":{"line":23,"column":19},"end":{"line":23,"column":26}},"10":{"start":{"line":24,"column":4},"end":{"line":24,"column":23}},"11":{"start":{"line":25,"column":4},"end":{"line":44,"column":5}},"12":{"start":{"line":26,"column":6},"end":{"line":26,"column":21}},"13":{"start":{"line":27,"column":29},"end":{"line":27,"column":83}},"14":{"start":{"line":28,"column":6},"end":{"line":38,"column":7}},"15":{"start":{"line":29,"column":8},"end":{"line":29,"column":97}},"16":{"start":{"line":30,"column":29},"end":{"line":30,"column":78}},"17":{"start":{"line":31,"column":8},"end":{"line":37,"column":9}},"18":{"start":{"line":32,"column":10},"end":{"line":32,"column":54}},"19":{"start":{"line":33,"column":10},"end":{"line":33,"column":46}},"20":{"start":{"line":34,"column":10},"end":{"line":34,"column":25}},"21":{"start":{"line":35,"column":10},"end":{"line":35,"column":23}},"22":{"start":{"line":36,"column":10},"end":{"line":36,"column":26}},"23":{"start":{"line":39,"column":6},"end":{"line":41,"column":7}},"24":{"start":{"line":40,"column":8},"end":{"line":40,"column":41}},"25":{"start":{"line":43,"column":6},"end":{"line":43,"column":26}},"26":{"start":{"line":47,"column":29},"end":{"line":52,"column":5}},"27":{"start":{"line":48,"column":4},"end":{"line":50,"column":5}},"28":{"start":{"line":49,"column":8},"end":{"line":49,"column":20}},"29":{"start":{"line":51,"column":4},"end":{"line":51,"column":21}},"30":{"start":{"line":54,"column":2},"end":{"line":95,"column":3}},"31":{"start":{"line":63,"column":12},"end":{"line":65,"column":13}},"32":{"start":{"line":64,"column":14},"end":{"line":64,"column":28}},"33":{"start":{"line":76,"column":12},"end":{"line":78,"column":13}},"34":{"start":{"line":77,"column":14},"end":{"line":77,"column":28}}},"fnMap":{"0":{"name":"(anonymous_0)","decl":{"start":{"line":14,"column":18},"end":{"line":14,"column":19}},"loc":{"start":{"line":14,"column":24},"end":{"line":96,"column":1}},"line":14},"1":{"name":"(anonymous_1)","decl":{"start":{"line":22,"column":22},"end":{"line":22,"column":23}},"loc":{"start":{"line":22,"column":34},"end":{"line":45,"column":3}},"line":22},"2":{"name":"(anonymous_2)","decl":{"start":{"line":47,"column":29},"end":{"line":47,"column":30}},"loc":{"start":{"line":47,"column":35},"end":{"line":52,"column":5}},"line":47},"3":{"name":"(anonymous_3)","decl":{"start":{"line":62,"column":21},"end":{"line":62,"column":22}},"loc":{"start":{"line":62,"column":28},"end":{"line":66,"column":11}},"line":62},"4":{"name":"(anonymous_4)","decl":{"start":{"line":75,"column":21},"end":{"line":75,"column":22}},"loc":{"start":{"line":75,"column":28},"end":{"line":79,"column":11}},"line":75}},"branchMap":{"0":{"loc":{"start":{"line":23,"column":4},"end":{"line":23,"column":26}},"type":"if","locations":[{"start":{"line":23,"column":4},"end":{"line":23,"column":26}},{"start":{},"end":{}}],"line":23},"1":{"loc":{"start":{"line":28,"column":6},"end":{"line":38,"column":7}},"type":"if","locations":[{"start":{"line":28,"column":6},"end":{"line":38,"column":7}},{"start":{},"end":{}}],"line":28},"2":{"loc":{"start":{"line":28,"column":10},"end":{"line":28,"column":69}},"type":"binary-expr","locations":[{"start":{"line":28,"column":10},"end":{"line":28,"column":31}},{"start":{"line":28,"column":35},"end":{"line":28,"column":69}}],"line":28},"3":{"loc":{"start":{"line":31,"column":8},"end":{"line":37,"column":9}},"type":"if","locations":[{"start":{"line":31,"column":8},"end":{"line":37,"column":9}},{"start":{},"end":{}}],"line":31},"4":{"loc":{"start":{"line":31,"column":12},"end":{"line":31,"column":54}},"type":"binary-expr","locations":[{"start":{"line":31,"column":12},"end":{"line":31,"column":31}},{"start":{"line":31,"column":35},"end":{"line":31,"column":54}}],"line":31},"5":{"loc":{"start":{"line":39,"column":6},"end":{"line":41,"column":7}},"type":"if","locations":[{"start":{"line":39,"column":6},"end":{"line":41,"column":7}},{"start":{},"end":{}}],"line":39},"6":{"loc":{"start":{"line":48,"column":4},"end":{"line":50,"column":5}},"type":"if","locations":[{"start":{"line":48,"column":4},"end":{"line":50,"column":5}},{"start":{},"end":{}}],"line":48},"7":{"loc":{"start":{"line":48,"column":8},"end":{"line":48,"column":53}},"type":"binary-expr","locations":[{"start":{"line":48,"column":8},"end":{"line":48,"column":27}},{"start":{"line":48,"column":31},"end":{"line":48,"column":53}}],"line":48},"8":{"loc":{"start":{"line":63,"column":12},"end":{"line":65,"column":13}},"type":"if","locations":[{"start":{"line":63,"column":12},"end":{"line":65,"column":13}},{"start":{},"end":{}}],"line":63},"9":{"loc":{"start":{"line":63,"column":16},"end":{"line":63,"column":56}},"type":"binary-expr","locations":[{"start":{"line":63,"column":16},"end":{"line":63,"column":33}},{"start":{"line":63,"column":37},"end":{"line":63,"column":56}}],"line":63},"10":{"loc":{"start":{"line":76,"column":12},"end":{"line":78,"column":13}},"type":"if","locations":[{"start":{"line":76,"column":12},"end":{"line":78,"column":13}},{"start":{},"end":{}}],"line":76},"11":{"loc":{"start":{"line":76,"column":16},"end":{"line":76,"column":56}},"type":"binary-expr","locations":[{"start":{"line":76,"column":16},"end":{"line":76,"column":33}},{"start":{"line":76,"column":37},"end":{"line":76,"column":56}}],"line":76}},"s":{"0":0,"1":0,"2":0,"3":0,"4":0,"5":0,"6":0,"7":0,"8":0,"9":0,"10":0,"11":0,"12":0,"13":0,"14":0,"15":0,"16":0,"17":0,"18":0,"19":0,"20":0,"21":0,"22":0,"23":0,"24":0,"25":0,"26":0,"27":0,"28":0,"29":0,"30":0,"31":0,"32":0,"33":0,"34":0},"f":{"0":0,"1":0,"2":0,"3":0,"4":0},"b":{"0":[0,0],"1":[0,0],"2":[0,0],"3":[0,0],"4":[0,0],"5":[0,0],"6":[0,0],"7":[0,0],"8":[0,0],"9":[0,0],"10":[0,0],"11":[0,0]}}
,"/Users/vaheminasyan/Desktop/tez/website/client/src/components/SignIn/RegisterForm/RegisterForm.styles.ts": {"path":"/Users/vaheminasyan/Desktop/tez/website/client/src/components/SignIn/RegisterForm/RegisterForm.styles.ts","statementMap":{"0":{"start":{"line":1,"column":34},"end":{"line":35,"column":1}},"1":{"start":{"line":28,"column":33},"end":{"line":34,"column":3}}},"fnMap":{"0":{"name":"(anonymous_0)","decl":{"start":{"line":28,"column":9},"end":{"line":28,"column":10}},"loc":{"start":{"line":28,"column":33},"end":{"line":34,"column":3}},"line":28}},"branchMap":{"0":{"loc":{"start":{"line":30,"column":13},"end":{"line":30,"column":37}},"type":"cond-expr","locations":[{"start":{"line":30,"column":24},"end":{"line":30,"column":29}},{"start":{"line":30,"column":32},"end":{"line":30,"column":37}}],"line":30},"1":{"loc":{"start":{"line":32,"column":15},"end":{"line":32,"column":41}},"type":"cond-expr","locations":[{"start":{"line":32,"column":26},"end":{"line":32,"column":33}},{"start":{"line":32,"column":36},"end":{"line":32,"column":41}}],"line":32}},"s":{"0":0,"1":0},"f":{"0":0},"b":{"0":[0,0],"1":[0,0]}}
,"/Users/vaheminasyan/Desktop/tez/website/client/src/components/SignIn/RegisterForm/RegisterForm.tsx": {"path":"/Users/vaheminasyan/Desktop/tez/website/client/src/components/SignIn/RegisterForm/RegisterForm.tsx","statementMap":{"0":{"start":{"line":13,"column":21},"end":{"line":135,"column":1}},"1":{"start":{"line":14,"column":16},"end":{"line":14,"column":32}},"2":{"start":{"line":15,"column":28},"end":{"line":15,"column":40}},"3":{"start":{"line":16,"column":34},"end":{"line":16,"column":46}},"4":{"start":{"line":17,"column":34},"end":{"line":17,"column":46}},"5":{"start":{"line":18,"column":48},"end":{"line":18,"column":60}},"6":{"start":{"line":19,"column":28},"end":{"line":19,"column":57}},"7":{"start":{"line":20,"column":36},"end":{"line":20,"column":51}},"8":{"start":{"line":22,"column":35},"end":{"line":27,"column":3}},"9":{"start":{"line":23,"column":4},"end":{"line":25,"column":5}},"10":{"start":{"line":24,"column":6},"end":{"line":24,"column":18}},"11":{"start":{"line":26,"column":4},"end":{"line":26,"column":17}},"12":{"start":{"line":29,"column":19},"end":{"line":29,"column":32}},"13":{"start":{"line":31,"column":27},"end":{"line":36,"column":3}},"14":{"start":{"line":32,"column":4},"end":{"line":34,"column":5}},"15":{"start":{"line":33,"column":6},"end":{"line":33,"column":18}},"16":{"start":{"line":35,"column":4},"end":{"line":35,"column":21}},"17":{"start":{"line":38,"column":25},"end":{"line":74,"column":3}},"18":{"start":{"line":39,"column":4},"end":{"line":39,"column":26}},"19":{"start":{"line":39,"column":19},"end":{"line":39,"column":26}},"20":{"start":{"line":40,"column":4},"end":{"line":40,"column":35}},"21":{"start":{"line":40,"column":28},"end":{"line":40,"column":35}},"22":{"start":{"line":42,"column":4},"end":{"line":42,"column":19}},"23":{"start":{"line":43,"column":4},"end":{"line":43,"column":23}},"24":{"start":{"line":45,"column":4},"end":{"line":73,"column":5}},"25":{"start":{"line":46,"column":30},"end":{"line":46,"column":56}},"26":{"start":{"line":47,"column":6},"end":{"line":50,"column":7}},"27":{"start":{"line":48,"column":8},"end":{"line":48,"column":45}},"28":{"start":{"line":49,"column":8},"end":{"line":49,"column":15}},"29":{"start":{"line":52,"column":42},"end":{"line":56,"column":7}},"30":{"start":{"line":58,"column":31},"end":{"line":58,"column":59}},"31":{"start":{"line":59,"column":6},"end":{"line":70,"column":7}},"32":{"start":{"line":60,"column":8},"end":{"line":60,"column":54}},"33":{"start":{"line":61,"column":8},"end":{"line":61,"column":97}},"34":{"start":{"line":62,"column":8},"end":{"line":62,"column":44}},"35":{"start":{"line":63,"column":8},"end":{"line":63,"column":23}},"36":{"start":{"line":64,"column":8},"end":{"line":64,"column":21}},"37":{"start":{"line":65,"column":8},"end":{"line":65,"column":24}},"38":{"start":{"line":66,"column":8},"end":{"line":66,"column":24}},"39":{"start":{"line":67,"column":8},"end":{"line":67,"column":31}},"40":{"start":{"line":69,"column":8},"end":{"line":69,"column":43}},"41":{"start":{"line":72,"column":6},"end":{"line":72,"column":26}},"42":{"start":{"line":76,"column":2},"end":{"line":134,"column":3}},"43":{"start":{"line":85,"column":12},"end":{"line":85,"column":75}},"44":{"start":{"line":85,"column":58},"end":{"line":85,"column":75}},"45":{"start":{"line":95,"column":12},"end":{"line":95,"column":75}},"46":{"start":{"line":95,"column":58},"end":{"line":95,"column":75}},"47":{"start":{"line":106,"column":12},"end":{"line":106,"column":75}},"48":{"start":{"line":106,"column":58},"end":{"line":106,"column":75}},"49":{"start":{"line":117,"column":12},"end":{"line":117,"column":75}},"50":{"start":{"line":117,"column":58},"end":{"line":117,"column":75}}},"fnMap":{"0":{"name":"(anonymous_0)","decl":{"start":{"line":13,"column":21},"end":{"line":13,"column":22}},"loc":{"start":{"line":13,"column":27},"end":{"line":135,"column":1}},"line":13},"1":{"name":"(anonymous_1)","decl":{"start":{"line":22,"column":35},"end":{"line":22,"column":36}},"loc":{"start":{"line":22,"column":41},"end":{"line":27,"column":3}},"line":22},"2":{"name":"(anonymous_2)","decl":{"start":{"line":31,"column":27},"end":{"line":31,"column":28}},"loc":{"start":{"line":31,"column":33},"end":{"line":36,"column":3}},"line":31},"3":{"name":"(anonymous_3)","decl":{"start":{"line":38,"column":25},"end":{"line":38,"column":26}},"loc":{"start":{"line":38,"column":37},"end":{"line":74,"column":3}},"line":38},"4":{"name":"(anonymous_4)","decl":{"start":{"line":84,"column":21},"end":{"line":84,"column":22}},"loc":{"start":{"line":84,"column":28},"end":{"line":86,"column":11}},"line":84},"5":{"name":"(anonymous_5)","decl":{"start":{"line":94,"column":21},"end":{"line":94,"column":22}},"loc":{"start":{"line":94,"column":28},"end":{"line":96,"column":11}},"line":94},"6":{"name":"(anonymous_6)","decl":{"start":{"line":105,"column":21},"end":{"line":105,"column":22}},"loc":{"start":{"line":105,"column":28},"end":{"line":107,"column":11}},"line":105},"7":{"name":"(anonymous_7)","decl":{"start":{"line":116,"column":21},"end":{"line":116,"column":22}},"loc":{"start":{"line":116,"column":28},"end":{"line":118,"column":11}},"line":116}},"branchMap":{"0":{"loc":{"start":{"line":23,"column":4},"end":{"line":25,"column":5}},"type":"if","locations":[{"start":{"line":23,"column":4},"end":{"line":25,"column":5}},{"start":{},"end":{}}],"line":23},"1":{"loc":{"start":{"line":32,"column":4},"end":{"line":34,"column":5}},"type":"if","locations":[{"start":{"line":32,"column":4},"end":{"line":34,"column":5}},{"start":{},"end":{}}],"line":32},"2":{"loc":{"start":{"line":32,"column":8},"end":{"line":32,"column":112}},"type":"binary-expr","locations":[{"start":{"line":32,"column":8},"end":{"line":32,"column":27}},{"start":{"line":32,"column":31},"end":{"line":32,"column":53}},{"start":{"line":32,"column":57},"end":{"line":32,"column":79}},{"start":{"line":32,"column":83},"end":{"line":32,"column":112}}],"line":32},"3":{"loc":{"start":{"line":39,"column":4},"end":{"line":39,"column":26}},"type":"if","locations":[{"start":{"line":39,"column":4},"end":{"line":39,"column":26}},{"start":{},"end":{}}],"line":39},"4":{"loc":{"start":{"line":40,"column":4},"end":{"line":40,"column":35}},"type":"if","locations":[{"start":{"line":40,"column":4},"end":{"line":40,"column":35}},{"start":{},"end":{}}],"line":40},"5":{"loc":{"start":{"line":47,"column":6},"end":{"line":50,"column":7}},"type":"if","locations":[{"start":{"line":47,"column":6},"end":{"line":50,"column":7}},{"start":{},"end":{}}],"line":47},"6":{"loc":{"start":{"line":59,"column":6},"end":{"line":70,"column":7}},"type":"if","locations":[{"start":{"line":59,"column":6},"end":{"line":70,"column":7}},{"start":{"line":68,"column":13},"end":{"line":70,"column":7}}],"line":59},"7":{"loc":{"start":{"line":59,"column":10},"end":{"line":59,"column":58}},"type":"binary-expr","locations":[{"start":{"line":59,"column":10},"end":{"line":59,"column":33}},{"start":{"line":59,"column":37},"end":{"line":59,"column":58}}],"line":59},"8":{"loc":{"start":{"line":85,"column":12},"end":{"line":85,"column":75}},"type":"if","locations":[{"start":{"line":85,"column":12},"end":{"line":85,"column":75}},{"start":{},"end":{}}],"line":85},"9":{"loc":{"start":{"line":85,"column":16},"end":{"line":85,"column":56}},"type":"binary-expr","locations":[{"start":{"line":85,"column":16},"end":{"line":85,"column":33}},{"start":{"line":85,"column":37},"end":{"line":85,"column":56}}],"line":85},"10":{"loc":{"start":{"line":95,"column":12},"end":{"line":95,"column":75}},"type":"if","locations":[{"start":{"line":95,"column":12},"end":{"line":95,"column":75}},{"start":{},"end":{}}],"line":95},"11":{"loc":{"start":{"line":95,"column":16},"end":{"line":95,"column":56}},"type":"binary-expr","locations":[{"start":{"line":95,"column":16},"end":{"line":95,"column":33}},{"start":{"line":95,"column":37},"end":{"line":95,"column":56}}],"line":95},"12":{"loc":{"start":{"line":106,"column":12},"end":{"line":106,"column":75}},"type":"if","locations":[{"start":{"line":106,"column":12},"end":{"line":106,"column":75}},{"start":{},"end":{}}],"line":106},"13":{"loc":{"start":{"line":106,"column":16},"end":{"line":106,"column":56}},"type":"binary-expr","locations":[{"start":{"line":106,"column":16},"end":{"line":106,"column":33}},{"start":{"line":106,"column":37},"end":{"line":106,"column":56}}],"line":106},"14":{"loc":{"start":{"line":117,"column":12},"end":{"line":117,"column":75}},"type":"if","locations":[{"start":{"line":117,"column":12},"end":{"line":117,"column":75}},{"start":{},"end":{}}],"line":117},"15":{"loc":{"start":{"line":117,"column":16},"end":{"line":117,"column":56}},"type":"binary-expr","locations":[{"start":{"line":117,"column":16},"end":{"line":117,"column":33}},{"start":{"line":117,"column":37},"end":{"line":117,"column":56}}],"line":117}},"s":{"0":0,"1":0,"2":0,"3":0,"4":0,"5":0,"6":0,"7":0,"8":0,"9":0,"10":0,"11":0,"12":0,"13":0,"14":0,"15":0,"16":0,"17":0,"18":0,"19":0,"20":0,"21":0,"22":0,"23":0,"24":0,"25":0,"26":0,"27":0,"28":0,"29":0,"30":0,"31":0,"32":0,"33":0,"34":0,"35":0,"36":0,"37":0,"38":0,"39":0,"40":0,"41":0,"42":0,"43":0,"44":0,"45":0,"46":0,"47":0,"48":0,"49":0,"50":0},"f":{"0":0,"1":0,"2":0,"3":0,"4":0,"5":0,"6":0,"7":0},"b":{"0":[0,0],"1":[0,0],"2":[0,0,0,0],"3":[0,0],"4":[0,0],"5":[0,0],"6":[0,0],"7":[0,0],"8":[0,0],"9":[0,0],"10":[0,0],"11":[0,0],"12":[0,0],"13":[0,0],"14":[0,0],"15":[0,0]}}
,"/Users/vaheminasyan/Desktop/tez/website/client/src/components/Style/Style.tsx": {"path":"/Users/vaheminasyan/Desktop/tez/website/client/src/components/Style/Style.tsx","statementMap":{"0":{"start":{"line":12,"column":14},"end":{"line":69,"column":1}},"1":{"start":{"line":13,"column":2},"end":{"line":68,"column":4}},"2":{"start":{"line":16,"column":21},"end":{"line":16,"column":31}}},"fnMap":{"0":{"name":"(anonymous_0)","decl":{"start":{"line":12,"column":14},"end":{"line":12,"column":15}},"loc":{"start":{"line":12,"column":69},"end":{"line":69,"column":1}},"line":12},"1":{"name":"(anonymous_1)","decl":{"start":{"line":16,"column":15},"end":{"line":16,"column":16}},"loc":{"start":{"line":16,"column":21},"end":{"line":16,"column":31}},"line":16}},"branchMap":{"0":{"loc":{"start":{"line":34,"column":14},"end":{"line":34,"column":62}},"type":"cond-expr","locations":[{"start":{"line":34,"column":27},"end":{"line":34,"column":46}},{"start":{"line":34,"column":49},"end":{"line":34,"column":62}}],"line":34},"1":{"loc":{"start":{"line":58,"column":19},"end":{"line":58,"column":71}},"type":"cond-expr","locations":[{"start":{"line":58,"column":32},"end":{"line":58,"column":51}},{"start":{"line":58,"column":54},"end":{"line":58,"column":71}}],"line":58}},"s":{"0":0,"1":0,"2":0},"f":{"0":0,"1":0},"b":{"0":[0,0],"1":[0,0]}}
,"/Users/vaheminasyan/Desktop/tez/website/client/src/components/ThemeSwitch/ThemeSwitch.tsx": {"path":"/Users/vaheminasyan/Desktop/tez/website/client/src/components/ThemeSwitch/ThemeSwitch.tsx","statementMap":{"0":{"start":{"line":9,"column":37},"end":{"line":55,"column":1}},"1":{"start":{"line":10,"column":16},"end":{"line":10,"column":26}},"2":{"start":{"line":11,"column":31},"end":{"line":11,"column":45}},"3":{"start":{"line":12,"column":17},"end":{"line":12,"column":32}},"4":{"start":{"line":14,"column":2},"end":{"line":54,"column":4}}},"fnMap":{"0":{"name":"(anonymous_0)","decl":{"start":{"line":9,"column":37},"end":{"line":9,"column":38}},"loc":{"start":{"line":9,"column":43},"end":{"line":55,"column":1}},"line":9}},"branchMap":{"0":{"loc":{"start":{"line":21,"column":17},"end":{"line":21,"column":71}},"type":"cond-expr","locations":[{"start":{"line":21,"column":26},"end":{"line":21,"column":50}},{"start":{"line":21,"column":53},"end":{"line":21,"column":71}}],"line":21},"1":{"loc":{"start":{"line":22,"column":29},"end":{"line":22,"column":105}},"type":"cond-expr","locations":[{"start":{"line":22,"column":61},"end":{"line":22,"column":84}},{"start":{"line":22,"column":87},"end":{"line":22,"column":105}}],"line":22},"2":{"loc":{"start":{"line":29,"column":19},"end":{"line":29,"column":73}},"type":"cond-expr","locations":[{"start":{"line":29,"column":28},"end":{"line":29,"column":52}},{"start":{"line":29,"column":55},"end":{"line":29,"column":73}}],"line":29},"3":{"loc":{"start":{"line":42,"column":21},"end":{"line":42,"column":66}},"type":"cond-expr","locations":[{"start":{"line":42,"column":30},"end":{"line":42,"column":45}},{"start":{"line":42,"column":48},"end":{"line":42,"column":66}}],"line":42},"4":{"loc":{"start":{"line":47,"column":9},"end":{"line":51,"column":9}},"type":"cond-expr","locations":[{"start":{"line":48,"column":10},"end":{"line":48,"column":48}},{"start":{"line":50,"column":10},"end":{"line":50,"column":49}}],"line":47}},"s":{"0":0,"1":0,"2":0,"3":0,"4":0},"f":{"0":0},"b":{"0":[0,0],"1":[0,0],"2":[0,0],"3":[0,0],"4":[0,0]}}
,"/Users/vaheminasyan/Desktop/tez/website/client/src/components/ZoomImage/ZoomImage.tsx": {"path":"/Users/vaheminasyan/Desktop/tez/website/client/src/components/ZoomImage/ZoomImage.tsx","statementMap":{"0":{"start":{"line":18,"column":18},"end":{"line":193,"column":1}},"1":{"start":{"line":19,"column":16},"end":{"line":19,"column":26}},"2":{"start":{"line":20,"column":20},"end":{"line":20,"column":62}},"3":{"start":{"line":21,"column":28},"end":{"line":21,"column":95}},"4":{"start":{"line":22,"column":21},"end":{"line":22,"column":52}},"5":{"start":{"line":24,"column":2},"end":{"line":28,"column":40}},"6":{"start":{"line":25,"column":4},"end":{"line":27,"column":5}},"7":{"start":{"line":26,"column":6},"end":{"line":26,"column":58}},"8":{"start":{"line":30,"column":26},"end":{"line":41,"column":3}},"9":{"start":{"line":32,"column":6},"end":{"line":34,"column":7}},"10":{"start":{"line":33,"column":8},"end":{"line":33,"column":22}},"11":{"start":{"line":35,"column":6},"end":{"line":38,"column":7}},"12":{"start":{"line":36,"column":8},"end":{"line":36,"column":93}},"13":{"start":{"line":36,"column":39},"end":{"line":36,"column":93}},"14":{"start":{"line":36,"column":56},"end":{"line":36,"column":90}},"15":{"start":{"line":37,"column":8},"end":{"line":37,"column":94}},"16":{"start":{"line":37,"column":40},"end":{"line":37,"column":94}},"17":{"start":{"line":37,"column":57},"end":{"line":37,"column":91}},"18":{"start":{"line":43,"column":2},"end":{"line":46,"column":24}},"19":{"start":{"line":44,"column":4},"end":{"line":44,"column":65}},"20":{"start":{"line":45,"column":4},"end":{"line":45,"column":81}},"21":{"start":{"line":45,"column":17},"end":{"line":45,"column":80}},"22":{"start":{"line":48,"column":17},"end":{"line":49,"column":80}},"23":{"start":{"line":49,"column":4},"end":{"line":49,"column":80}},"24":{"start":{"line":49,"column":44},"end":{"line":49,"column":78}},"25":{"start":{"line":50,"column":17},"end":{"line":51,"column":80}},"26":{"start":{"line":51,"column":4},"end":{"line":51,"column":80}},"27":{"start":{"line":51,"column":44},"end":{"line":51,"column":78}},"28":{"start":{"line":53,"column":2},"end":{"line":192,"column":4}},"29":{"start":{"line":84,"column":27},"end":{"line":84,"column":52}}},"fnMap":{"0":{"name":"(anonymous_0)","decl":{"start":{"line":18,"column":18},"end":{"line":18,"column":19}},"loc":{"start":{"line":18,"column":77},"end":{"line":193,"column":1}},"line":18},"1":{"name":"(anonymous_1)","decl":{"start":{"line":24,"column":12},"end":{"line":24,"column":13}},"loc":{"start":{"line":24,"column":18},"end":{"line":28,"column":3}},"line":24},"2":{"name":"(anonymous_2)","decl":{"start":{"line":31,"column":4},"end":{"line":31,"column":5}},"loc":{"start":{"line":31,"column":30},"end":{"line":39,"column":5}},"line":31},"3":{"name":"(anonymous_3)","decl":{"start":{"line":36,"column":48},"end":{"line":36,"column":49}},"loc":{"start":{"line":36,"column":56},"end":{"line":36,"column":90}},"line":36},"4":{"name":"(anonymous_4)","decl":{"start":{"line":37,"column":49},"end":{"line":37,"column":50}},"loc":{"start":{"line":37,"column":57},"end":{"line":37,"column":91}},"line":37},"5":{"name":"(anonymous_5)","decl":{"start":{"line":43,"column":12},"end":{"line":43,"column":13}},"loc":{"start":{"line":43,"column":18},"end":{"line":46,"column":3}},"line":43},"6":{"name":"(anonymous_6)","decl":{"start":{"line":45,"column":11},"end":{"line":45,"column":12}},"loc":{"start":{"line":45,"column":17},"end":{"line":45,"column":80}},"line":45},"7":{"name":"(anonymous_7)","decl":{"start":{"line":48,"column":17},"end":{"line":48,"column":18}},"loc":{"start":{"line":49,"column":4},"end":{"line":49,"column":80}},"line":49},"8":{"name":"(anonymous_8)","decl":{"start":{"line":49,"column":36},"end":{"line":49,"column":37}},"loc":{"start":{"line":49,"column":44},"end":{"line":49,"column":78}},"line":49},"9":{"name":"(anonymous_9)","decl":{"start":{"line":50,"column":17},"end":{"line":50,"column":18}},"loc":{"start":{"line":51,"column":4},"end":{"line":51,"column":80}},"line":51},"10":{"name":"(anonymous_10)","decl":{"start":{"line":51,"column":36},"end":{"line":51,"column":37}},"loc":{"start":{"line":51,"column":44},"end":{"line":51,"column":78}},"line":51},"11":{"name":"(anonymous_11)","decl":{"start":{"line":84,"column":21},"end":{"line":84,"column":22}},"loc":{"start":{"line":84,"column":27},"end":{"line":84,"column":52}},"line":84}},"branchMap":{"0":{"loc":{"start":{"line":18,"column":47},"end":{"line":18,"column":63}},"type":"default-arg","locations":[{"start":{"line":18,"column":62},"end":{"line":18,"column":63}}],"line":18},"1":{"loc":{"start":{"line":20,"column":20},"end":{"line":20,"column":62}},"type":"binary-expr","locations":[{"start":{"line":20,"column":20},"end":{"line":20,"column":41}},{"start":{"line":20,"column":45},"end":{"line":20,"column":62}}],"line":20},"2":{"loc":{"start":{"line":21,"column":37},"end":{"line":21,"column":94}},"type":"cond-expr","locations":[{"start":{"line":21,"column":49},"end":{"line":21,"column":90}},{"start":{"line":21,"column":93},"end":{"line":21,"column":94}}],"line":21},"3":{"loc":{"start":{"line":22,"column":21},"end":{"line":22,"column":52}},"type":"cond-expr","locations":[{"start":{"line":22,"column":33},"end":{"line":22,"column":46}},{"start":{"line":22,"column":49},"end":{"line":22,"column":52}}],"line":22},"4":{"loc":{"start":{"line":25,"column":4},"end":{"line":27,"column":5}},"type":"if","locations":[{"start":{"line":25,"column":4},"end":{"line":27,"column":5}},{"start":{},"end":{}}],"line":25},"5":{"loc":{"start":{"line":25,"column":8},"end":{"line":25,"column":27}},"type":"binary-expr","locations":[{"start":{"line":25,"column":8},"end":{"line":25,"column":17}},{"start":{"line":25,"column":21},"end":{"line":25,"column":27}}],"line":25},"6":{"loc":{"start":{"line":32,"column":6},"end":{"line":34,"column":7}},"type":"if","locations":[{"start":{"line":32,"column":6},"end":{"line":34,"column":7}},{"start":{},"end":{}}],"line":32},"7":{"loc":{"start":{"line":35,"column":6},"end":{"line":38,"column":7}},"type":"if","locations":[{"start":{"line":35,"column":6},"end":{"line":38,"column":7}},{"start":{},"end":{}}],"line":35},"8":{"loc":{"start":{"line":35,"column":10},"end":{"line":35,"column":29}},"type":"binary-expr","locations":[{"start":{"line":35,"column":10},"end":{"line":35,"column":19}},{"start":{"line":35,"column":23},"end":{"line":35,"column":29}}],"line":35},"9":{"loc":{"start":{"line":36,"column":8},"end":{"line":36,"column":93}},"type":"if","locations":[{"start":{"line":36,"column":8},"end":{"line":36,"column":93}},{"start":{},"end":{}}],"line":36},"10":{"loc":{"start":{"line":36,"column":56},"end":{"line":36,"column":90}},"type":"cond-expr","locations":[{"start":{"line":36,"column":65},"end":{"line":36,"column":82}},{"start":{"line":36,"column":85},"end":{"line":36,"column":90}}],"line":36},"11":{"loc":{"start":{"line":37,"column":8},"end":{"line":37,"column":94}},"type":"if","locations":[{"start":{"line":37,"column":8},"end":{"line":37,"column":94}},{"start":{},"end":{}}],"line":37},"12":{"loc":{"start":{"line":37,"column":57},"end":{"line":37,"column":91}},"type":"cond-expr","locations":[{"start":{"line":37,"column":82},"end":{"line":37,"column":83}},{"start":{"line":37,"column":86},"end":{"line":37,"column":91}}],"line":37},"13":{"loc":{"start":{"line":49,"column":4},"end":{"line":49,"column":80}},"type":"binary-expr","locations":[{"start":{"line":49,"column":4},"end":{"line":49,"column":13}},{"start":{"line":49,"column":17},"end":{"line":49,"column":23}},{"start":{"line":49,"column":27},"end":{"line":49,"column":80}}],"line":49},"14":{"loc":{"start":{"line":49,"column":44},"end":{"line":49,"column":78}},"type":"cond-expr","locations":[{"start":{"line":49,"column":53},"end":{"line":49,"column":70}},{"start":{"line":49,"column":73},"end":{"line":49,"column":78}}],"line":49},"15":{"loc":{"start":{"line":51,"column":4},"end":{"line":51,"column":80}},"type":"binary-expr","locations":[{"start":{"line":51,"column":4},"end":{"line":51,"column":13}},{"start":{"line":51,"column":17},"end":{"line":51,"column":23}},{"start":{"line":51,"column":27},"end":{"line":51,"column":80}}],"line":51},"16":{"loc":{"start":{"line":51,"column":44},"end":{"line":51,"column":78}},"type":"cond-expr","locations":[{"start":{"line":51,"column":69},"end":{"line":51,"column":70}},{"start":{"line":51,"column":73},"end":{"line":51,"column":78}}],"line":51},"17":{"loc":{"start":{"line":102,"column":7},"end":{"line":128,"column":7}},"type":"binary-expr","locations":[{"start":{"line":102,"column":7},"end":{"line":102,"column":16}},{"start":{"line":102,"column":20},"end":{"line":102,"column":26}},{"start":{"line":102,"column":30},"end":{"line":102,"column":47}},{"start":{"line":103,"column":8},"end":{"line":127,"column":21}}],"line":102},"18":{"loc":{"start":{"line":110,"column":14},"end":{"line":112,"column":45}},"type":"cond-expr","locations":[{"start":{"line":111,"column":18},"end":{"line":111,"column":40}},{"start":{"line":112,"column":18},"end":{"line":112,"column":45}}],"line":110},"19":{"loc":{"start":{"line":114,"column":14},"end":{"line":116,"column":53}},"type":"cond-expr","locations":[{"start":{"line":115,"column":18},"end":{"line":115,"column":52}},{"start":{"line":116,"column":18},"end":{"line":116,"column":53}}],"line":114},"20":{"loc":{"start":{"line":119,"column":16},"end":{"line":121,"column":47}},"type":"cond-expr","locations":[{"start":{"line":120,"column":20},"end":{"line":120,"column":42}},{"start":{"line":121,"column":20},"end":{"line":121,"column":47}}],"line":119},"21":{"loc":{"start":{"line":139,"column":7},"end":{"line":165,"column":7}},"type":"binary-expr","locations":[{"start":{"line":139,"column":7},"end":{"line":139,"column":16}},{"start":{"line":139,"column":20},"end":{"line":139,"column":26}},{"start":{"line":139,"column":30},"end":{"line":139,"column":47}},{"start":{"line":140,"column":8},"end":{"line":164,"column":21}}],"line":139},"22":{"loc":{"start":{"line":147,"column":14},"end":{"line":149,"column":45}},"type":"cond-expr","locations":[{"start":{"line":148,"column":18},"end":{"line":148,"column":40}},{"start":{"line":149,"column":18},"end":{"line":149,"column":45}}],"line":147},"23":{"loc":{"start":{"line":151,"column":14},"end":{"line":153,"column":53}},"type":"cond-expr","locations":[{"start":{"line":152,"column":18},"end":{"line":152,"column":52}},{"start":{"line":153,"column":18},"end":{"line":153,"column":53}}],"line":151},"24":{"loc":{"start":{"line":156,"column":16},"end":{"line":158,"column":47}},"type":"cond-expr","locations":[{"start":{"line":157,"column":20},"end":{"line":157,"column":42}},{"start":{"line":158,"column":20},"end":{"line":158,"column":47}}],"line":156},"25":{"loc":{"start":{"line":167,"column":7},"end":{"line":190,"column":7}},"type":"binary-expr","locations":[{"start":{"line":167,"column":7},"end":{"line":167,"column":16}},{"start":{"line":167,"column":20},"end":{"line":167,"column":26}},{"start":{"line":168,"column":8},"end":{"line":189,"column":14}}],"line":167},"26":{"loc":{"start":{"line":177,"column":14},"end":{"line":179,"column":45}},"type":"cond-expr","locations":[{"start":{"line":178,"column":18},"end":{"line":178,"column":41}},{"start":{"line":179,"column":18},"end":{"line":179,"column":45}}],"line":177},"27":{"loc":{"start":{"line":181,"column":14},"end":{"line":183,"column":53}},"type":"cond-expr","locations":[{"start":{"line":182,"column":18},"end":{"line":182,"column":52}},{"start":{"line":183,"column":18},"end":{"line":183,"column":53}}],"line":181}},"s":{"0":0,"1":0,"2":0,"3":0,"4":0,"5":0,"6":0,"7":0,"8":0,"9":0,"10":0,"11":0,"12":0,"13":0,"14":0,"15":0,"16":0,"17":0,"18":0,"19":0,"20":0,"21":0,"22":0,"23":0,"24":0,"25":0,"26":0,"27":0,"28":0,"29":0},"f":{"0":0,"1":0,"2":0,"3":0,"4":0,"5":0,"6":0,"7":0,"8":0,"9":0,"10":0,"11":0},"b":{"0":[0],"1":[0,0],"2":[0,0],"3":[0,0],"4":[0,0],"5":[0,0],"6":[0,0],"7":[0,0],"8":[0,0],"9":[0,0],"10":[0,0],"11":[0,0],"12":[0,0],"13":[0,0,0],"14":[0,0],"15":[0,0,0],"16":[0,0],"17":[0,0,0,0],"18":[0,0],"19":[0,0],"20":[0,0],"21":[0,0,0,0],"22":[0,0],"23":[0,0],"24":[0,0],"25":[0,0,0],"26":[0,0],"27":[0,0]}}
[...]
n":2},"end":{"line":18,"column":5}},"4":{"start":{"line":22,"column":2},"end":{"line":28,"column":3}},"5":{"start":{"line":23,"column":2},"end":{"line":28,"column":3}},"6":{"start":{"line":24,"column":4},"end":{"line":27,"column":7}},"7":{"start":{"line":30,"column":24},"end":{"line":87,"column":1}},"8":{"start":{"line":30,"column":45},"end":{"line":87,"column":1}},"9":{"start":{"line":31,"column":2},"end":{"line":86,"column":3}},"10":{"start":{"line":32,"column":4},"end":{"line":35,"column":7}},"11":{"start":{"line":36,"column":4},"end":{"line":39,"column":7}},"12":{"start":{"line":40,"column":4},"end":{"line":43,"column":7}},"13":{"start":{"line":44,"column":16},"end":{"line":48,"column":5}},"14":{"start":{"line":50,"column":4},"end":{"line":71,"column":5}},"15":{"start":{"line":51,"column":18},"end":{"line":51,"column":44}},"16":{"start":{"line":52,"column":22},"end":{"line":52,"column":46}},"17":{"start":{"line":53,"column":19},"end":{"line":53,"column":44}},"18":{"start":{"line":54,"column":6},"end":{"line":57,"column":9}},"19":{"start":{"line":58,"column":21},"end":{"line":58,"column":114}},"20":{"start":{"line":58,"column":67},"end":{"line":58,"column":107}},"21":{"start":{"line":59,"column":6},"end":{"line":59,"column":80}},"22":{"start":{"line":60,"column":6},"end":{"line":65,"column":7}},"23":{"start":{"line":61,"column":28},"end":{"line":61,"column":50}},"24":{"start":{"line":62,"column":8},"end":{"line":64,"column":9}},"25":{"start":{"line":63,"column":10},"end":{"line":63,"column":75}},"26":{"start":{"line":67,"column":6},"end":{"line":70,"column":9}},"27":{"start":{"line":73,"column":4},"end":{"line":76,"column":7}},"28":{"start":{"line":78,"column":4},"end":{"line":81,"column":7}},"29":{"start":{"line":82,"column":4},"end":{"line":85,"column":7}},"30":{"start":{"line":91,"column":0},"end":{"line":119,"column":3}},"31":{"start":{"line":92,"column":4},"end":{"line":118,"column":5}},"32":{"start":{"line":93,"column":19},"end":{"line":93,"column":21}},"33":{"start":{"line":95,"column":6},"end":{"line":115,"column":7}},"34":{"start":{"line":100,"column":20},"end":{"line":103,"column":9}},"35":{"start":{"line":104,"column":8},"end":{"line":104,"column":38}},"36":{"start":{"line":106,"column":8},"end":{"line":112,"column":9}},"37":{"start":{"line":111,"column":10},"end":{"line":111,"column":56}},"38":{"start":{"line":114,"column":8},"end":{"line":114,"column":66}},"39":{"start":{"line":114,"column":39},"end":{"line":114,"column":64}},"40":{"start":{"line":117,"column":6},"end":{"line":117,"column":41}}},"fnMap":{"0":{"name":"(anonymous_0)","decl":{"start":{"line":14,"column":28},"end":{"line":14,"column":29}},"loc":{"start":{"line":14,"column":48},"end":{"line":19,"column":1}},"line":14},"1":{"name":"(anonymous_1)","decl":{"start":{"line":14,"column":48},"end":{"line":14,"column":49}},"loc":{"start":{"line":14,"column":73},"end":{"line":19,"column":1}},"line":14},"2":{"name":"(anonymous_2)","decl":{"start":{"line":22,"column":2},"end":{"line":22,"column":3}},"loc":{"start":{"line":23,"column":2},"end":{"line":28,"column":3}},"line":23},"3":{"name":"(anonymous_3)","decl":{"start":{"line":23,"column":2},"end":{"line":23,"column":3}},"loc":{"start":{"line":23,"column":27},"end":{"line":28,"column":3}},"line":23},"4":{"name":"(anonymous_4)","decl":{"start":{"line":30,"column":24},"end":{"line":30,"column":25}},"loc":{"start":{"line":30,"column":45},"end":{"line":87,"column":1}},"line":30},"5":{"name":"(anonymous_5)","decl":{"start":{"line":30,"column":45},"end":{"line":30,"column":46}},"loc":{"start":{"line":30,"column":85},"end":{"line":87,"column":1}},"line":30},"6":{"name":"(anonymous_6)","decl":{"start":{"line":58,"column":52},"end":{"line":58,"column":53}},"loc":{"start":{"line":58,"column":67},"end":{"line":58,"column":107}},"line":58},"7":{"name":"(anonymous_7)","decl":{"start":{"line":59,"column":70},"end":{"line":59,"column":71}},"loc":{"start":{"line":59,"column":76},"end":{"line":59,"column":78}},"line":59},"8":{"name":"(anonymous_8)","decl":{"start":{"line":91,"column":0},"end":{"line":91,"column":1}},"loc":{"start":{"line":91,"column":23},"end":{"line":119,"column":3}},"line":91},"9":{"name":"(anonymous_9)","decl":{"start":{"line":114,"column":26},"end":{"line":114,"column":27}},"loc":{"start":{"line":114,"column":39},"end":{"line":114,"column":64}},"line":114}},"branchMap":{"0":{"loc":{"start":{"line":50,"column":4},"end":{"line":71,"column":5}},"type":"if","locations":[{"start":{"line":50,"column":4},"end":{"line":71,"column":5}},{"start":{"line":66,"column":11},"end":{"line":71,"column":5}}],"line":50},"1":{"loc":{"start":{"line":53,"column":19},"end":{"line":53,"column":44}},"type":"binary-expr","locations":[{"start":{"line":53,"column":19},"end":{"line":53,"column":38}},{"start":{"line":53,"column":42},"end":{"line":53,"column":44}}],"line":53},"2":{"loc":{"start":{"line":58,"column":21},"end":{"line":58,"column":114}},"type":"cond-expr","locations":[{"start":{"line":58,"column":43},"end":{"line":58,"column":109}},{"start":{"line":58,"column":112},"end":{"line":58,"column":114}}],"line":58},"3":{"loc":{"start":{"line":58,"column":67},"end":{"line":58,"column":107}},"type":"cond-expr","locations":[{"start":{"line":58,"column":93},"end":{"line":58,"column":96}},{"start":{"line":58,"column":99},"end":{"line":58,"column":107}}],"line":58},"4":{"loc":{"start":{"line":60,"column":6},"end":{"line":65,"column":7}},"type":"if","locations":[{"start":{"line":60,"column":6},"end":{"line":65,"column":7}},{"start":{},"end":{}}],"line":60},"5":{"loc":{"start":{"line":62,"column":8},"end":{"line":64,"column":9}},"type":"if","locations":[{"start":{"line":62,"column":8},"end":{"line":64,"column":9}},{"start":{},"end":{}}],"line":62},"6":{"loc":{"start":{"line":96,"column":8},"end":{"line":98,"column":24}},"type":"binary-expr","locations":[{"start":{"line":96,"column":8},"end":{"line":96,"column":42}},{"start":{"line":97,"column":8},"end":{"line":97,"column":38}},{"start":{"line":98,"column":11},"end":{"line":98,"column":24}}],"line":96},"7":{"loc":{"start":{"line":106,"column":8},"end":{"line":112,"column":9}},"type":"if","locations":[{"start":{"line":106,"column":8},"end":{"line":112,"column":9}},{"start":{},"end":{}}],"line":106},"8":{"loc":{"start":{"line":107,"column":10},"end":{"line":109,"column":23}},"type":"binary-expr","locations":[{"start":{"line":107,"column":10},"end":{"line":107,"column":44}},{"start":{"line":108,"column":10},"end":{"line":108,"column":40}},{"start":{"line":109,"column":10},"end":{"line":109,"column":23}}],"line":107}},"s":{"0":2,"1":2,"2":1,"3":1,"4":2,"5":1,"6":1,"7":2,"8":3,"9":3,"10":3,"11":3,"12":3,"13":3,"14":2,"15":1,"16":1,"17":1,"18":1,"19":1,"20":2,"21":1,"22":0,"23":0,"24":0,"25":0,"26":1,"27":1,"28":2,"29":2,"30":2,"31":2,"32":2,"33":2,"34":3,"35":3,"36":3,"37":2,"38":1,"39":1,"40":0},"f":{"0":1,"1":1,"2":1,"3":1,"4":3,"5":3,"6":2,"7":0,"8":2,"9":1},"b":{"0":[1,1],"1":[1,0],"2":[1,0],"3":[0,2],"4":[0,0],"5":[0,0],"6":[3,2,2],"7":[2,1],"8":[3,2,2]},"_coverageSchema":"1a1c01bbd47fc00a2c39e90264f33305004495a9","hash":"781ef7fa463eb1f3f1f3918c97309c636b4fcba7"}
,"/Users/vaheminasyan/Desktop/tez/website/client/src/redux/Reducers/avatarReducer.tsx": {"path":"/Users/vaheminasyan/Desktop/tez/website/client/src/redux/Reducers/avatarReducer.tsx","statementMap":{"0":{"start":{"line":3,"column":21},"end":{"line":10,"column":1}},"1":{"start":{"line":12,"column":29},"end":{"line":32,"column":1}},"2":{"start":{"line":16,"column":2},"end":{"line":31,"column":3}},"3":{"start":{"line":18,"column":6},"end":{"line":18,"column":47}},"4":{"start":{"line":20,"column":6},"end":{"line":20,"column":48}},"5":{"start":{"line":22,"column":6},"end":{"line":22,"column":46}},"6":{"start":{"line":24,"column":6},"end":{"line":24,"column":48}},"7":{"start":{"line":26,"column":6},"end":{"line":26,"column":50}},"8":{"start":{"line":28,"column":6},"end":{"line":28,"column":54}},"9":{"start":{"line":30,"column":6},"end":{"line":30,"column":19}}},"fnMap":{"0":{"name":"(anonymous_0)","decl":{"start":{"line":12,"column":29},"end":{"line":12,"column":30}},"loc":{"start":{"line":15,"column":5},"end":{"line":32,"column":1}},"line":15}},"branchMap":{"0":{"loc":{"start":{"line":13,"column":2},"end":{"line":13,"column":22}},"type":"default-arg","locations":[{"start":{"line":13,"column":10},"end":{"line":13,"column":22}}],"line":13},"1":{"loc":{"start":{"line":16,"column":2},"end":{"line":31,"column":3}},"type":"switch","locations":[{"start":{"line":17,"column":4},"end":{"line":18,"column":47}},{"start":{"line":19,"column":4},"end":{"line":20,"column":48}},{"start":{"line":21,"column":4},"end":{"line":22,"column":46}},{"start":{"line":23,"column":4},"end":{"line":24,"column":48}},{"start":{"line":25,"column":4},"end":{"line":26,"column":50}},{"start":{"line":27,"column":4},"end":{"line":28,"column":54}},{"start":{"line":29,"column":4},"end":{"line":30,"column":19}}],"line":16}},"s":{"0":1,"1":1,"2":6,"3":1,"4":1,"5":1,"6":1,"7":1,"8":1,"9":0},"f":{"0":6},"b":{"0":[1],"1":[1,1,1,1,1,1,0]},"_coverageSchema":"1a1c01bbd47fc00a2c39e90264f33305004495a9","hash":"4a9aa78697864c0ccead86b408737e49187a9078"}
,"/Users/vaheminasyan/Desktop/tez/website/client/src/redux/Reducers/i2iReducer.tsx": {"path":"/Users/vaheminasyan/Desktop/tez/website/client/src/redux/Reducers/i2iReducer.tsx","statementMap":{"0":{"start":{"line":3,"column":21},"end":{"line":10,"column":1}},"1":{"start":{"line":12,"column":26},"end":{"line":42,"column":1}},"2":{"start":{"line":16,"column":2},"end":{"line":41,"column":3}},"3":{"start":{"line":18,"column":6},"end":{"line":18,"column":47}},"4":{"start":{"line":20,"column":6},"end":{"line":20,"column":48}},"5":{"start":{"line":22,"column":6},"end":{"line":22,"column":46}},"6":{"start":{"line":24,"column":6},"end":{"line":24,"column":48}},"7":{"start":{"line":26,"column":6},"end":{"line":26,"column":50}},"8":{"start":{"line":28,"column":20},"end":{"line":28,"column":45}},"9":{"start":{"line":29,"column":18},"end":{"line":29,"column":46}},"10":{"start":{"line":30,"column":6},"end":{"line":34,"column":7}},"11":{"start":{"line":31,"column":8},"end":{"line":31,"column":33}},"12":{"start":{"line":33,"column":8},"end":{"line":33,"column":34}},"13":{"start":{"line":35,"column":6},"end":{"line":38,"column":8}},"14":{"start":{"line":40,"column":6},"end":{"line":40,"column":19}}},"fnMap":{"0":{"name":"(anonymous_0)","decl":{"start":{"line":12,"column":26},"end":{"line":12,"column":27}},"loc":{"start":{"line":15,"column":5},"end":{"line":42,"column":1}},"line":15}},"branchMap":{"0":{"loc":{"start":{"line":13,"column":2},"end":{"line":13,"column":22}},"type":"default-arg","locations":[{"start":{"line":13,"column":10},"end":{"line":13,"column":22}}],"line":13},"1":{"loc":{"start":{"line":16,"column":2},"end":{"line":41,"column":3}},"type":"switch","locations":[{"start":{"line":17,"column":4},"end":{"line":18,"column":47}},{"start":{"line":19,"column":4},"end":{"line":20,"column":48}},{"start":{"line":21,"column":4},"end":{"line":22,"column":46}},{"start":{"line":23,"column":4},"end":{"line":24,"column":48}},{"start":{"line":25,"column":4},"end":{"line":26,"column":50}},{"start":{"line":27,"column":4},"end":{"line":38,"column":8}},{"start":{"line":39,"column":4},"end":{"line":40,"column":19}}],"line":16},"2":{"loc":{"start":{"line":30,"column":6},"end":{"line":34,"column":7}},"type":"if","locations":[{"start":{"line":30,"column":6},"end":{"line":34,"column":7}},{"start":{"line":32,"column":13},"end":{"line":34,"column":7}}],"line":30}},"s":{"0":1,"1":1,"2":7,"3":1,"4":1,"5":1,"6":1,"7":1,"8":2,"9":2,"10":2,"11":1,"12":1,"13":2,"14":0},"f":{"0":7},"b":{"0":[2],"1":[1,1,1,1,1,2,0],"2":[1,1]},"_coverageSchema":"1a1c01bbd47fc00a2c39e90264f33305004495a9","hash":"966c507d248b7ce571c69cda529a9e2ea9bccb00"}
,"/Users/vaheminasyan/Desktop/tez/website/client/src/redux/Reducers/logoGenReducer.tsx": {"path":"/Users/vaheminasyan/Desktop/tez/website/client/src/redux/Reducers/logoGenReducer.tsx","statementMap":{"0":{"start":{"line":3,"column":21},"end":{"line":12,"column":1}},"1":{"start":{"line":14,"column":30},"end":{"line":36,"column":1}},"2":{"start":{"line":18,"column":2},"end":{"line":35,"column":3}},"3":{"start":{"line":20,"column":6},"end":{"line":20,"column":50}},"4":{"start":{"line":22,"column":6},"end":{"line":22,"column":48}},"5":{"start":{"line":24,"column":6},"end":{"line":24,"column":46}},"6":{"start":{"line":26,"column":6},"end":{"line":26,"column":48}},"7":{"start":{"line":28,"column":6},"end":{"line":28,"column":48}},"8":{"start":{"line":30,"column":6},"end":{"line":30,"column":49}},"9":{"start":{"line":32,"column":6},"end":{"line":32,"column":53}},"10":{"start":{"line":34,"column":6},"end":{"line":34,"column":19}}},"fnMap":{"0":{"name":"(anonymous_0)","decl":{"start":{"line":14,"column":30},"end":{"line":14,"column":31}},"loc":{"start":{"line":17,"column":5},"end":{"line":36,"column":1}},"line":17}},"branchMap":{"0":{"loc":{"start":{"line":15,"column":2},"end":{"line":15,"column":22}},"type":"default-arg","locations":[{"start":{"line":15,"column":10},"end":{"line":15,"column":22}}],"line":15},"1":{"loc":{"start":{"line":18,"column":2},"end":{"line":35,"column":3}},"type":"switch","locations":[{"start":{"line":19,"column":4},"end":{"line":20,"column":50}},{"start":{"line":21,"column":4},"end":{"line":22,"column":48}},{"start":{"line":23,"column":4},"end":{"line":24,"column":46}},{"start":{"line":25,"column":4},"end":{"line":26,"column":48}},{"start":{"line":27,"column":4},"end":{"line":28,"column":48}},{"start":{"line":29,"column":4},"end":{"line":30,"column":49}},{"start":{"line":31,"column":4},"end":{"line":32,"column":53}},{"start":{"line":33,"column":4},"end":{"line":34,"column":19}}],"line":18}},"s":{"0":1,"1":1,"2":7,"3":1,"4":1,"5":1,"6":1,"7":1,"8":1,"9":1,"10":0},"f":{"0":7},"b":{"0":[1],"1":[1,1,1,1,1,1,1,0]},"_coverageSchema":"1a1c01bbd47fc00a2c39e90264f33305004495a9","hash":"b7e0a47ff5abc2bbc8415e82e17038bdd2d9af66"}
,"/Users/vaheminasyan/Desktop/tez/website/client/src/redux/Reducers/mainReducer.ts": {"path":"/Users/vaheminasyan/Desktop/tez/website/client/src/redux/Reducers/mainReducer.ts","statementMap":{"0":{"start":{"line":3,"column":21},"end":{"line":7,"column":1}},"1":{"start":{"line":9,"column":27},"end":{"line":23,"column":1}},"2":{"start":{"line":13,"column":2},"end":{"line":22,"column":3}},"3":{"start":{"line":15,"column":6},"end":{"line":15,"column":45}},"4":{"start":{"line":17,"column":6},"end":{"line":17,"column":52}},"5":{"start":{"line":19,"column":6},"end":{"line":19,"column":53}},"6":{"start":{"line":21,"column":6},"end":{"line":21,"column":19}}},"fnMap":{"0":{"name":"(anonymous_0)","decl":{"start":{"line":9,"column":27},"end":{"line":9,"column":28}},"loc":{"start":{"line":12,"column":5},"end":{"line":23,"column":1}},"line":12}},"branchMap":{"0":{"loc":{"start":{"line":10,"column":2},"end":{"line":10,"column":22}},"type":"default-arg","locations":[{"start":{"line":10,"column":10},"end":{"line":10,"column":22}}],"line":10},"1":{"loc":{"start":{"line":13,"column":2},"end":{"line":22,"column":3}},"type":"switch","locations":[{"start":{"line":14,"column":4},"end":{"line":15,"column":45}},{"start":{"line":16,"column":4},"end":{"line":17,"column":52}},{"start":{"line":18,"column":4},"end":{"line":19,"column":53}},{"start":{"line":20,"column":4},"end":{"line":21,"column":19}}],"line":13}},"s":{"0":1,"1":1,"2":4,"3":1,"4":1,"5":1,"6":1},"f":{"0":4},"b":{"0":[1],"1":[1,1,1,1]},"_coverageSchema":"1a1c01bbd47fc00a2c39e90264f33305004495a9","hash":"6c5aebaf67dae6953ac5d1299b97554724e0042c"}
,"/Users/vaheminasyan/Desktop/tez/website/client/src/redux/Reducers/removeBgReducer.tsx": {"path":"/Users/vaheminasyan/Desktop/tez/website/client/src/redux/Reducers/removeBgReducer.tsx","statementMap":{"0":{"start":{"line":3,"column":21},"end":{"line":8,"column":1}},"1":{"start":{"line":10,"column":31},"end":{"line":28,"column":1}},"2":{"start":{"line":14,"column":2},"end":{"line":27,"column":3}},"3":{"start":{"line":16,"column":6},"end":{"line":16,"column":54}},"4":{"start":{"line":18,"column":6},"end":{"line":18,"column":52}},"5":{"start":{"line":20,"column":6},"end":{"line":20,"column":48}},"6":{"start":{"line":22,"column":6},"end":{"line":22,"column":46}},"7":{"start":{"line":24,"column":6},"end":{"line":24,"column":26}},"8":{"start":{"line":26,"column":6},"end":{"line":26,"column":19}}},"fnMap":{"0":{"name":"(anonymous_0)","decl":{"start":{"line":10,"column":31},"end":{"line":10,"column":32}},"loc":{"start":{"line":13,"column":5},"end":{"line":28,"column":1}},"line":13}},"branchMap":{"0":{"loc":{"start":{"line":11,"column":2},"end":{"line":11,"column":22}},"type":"default-arg","locations":[{"start":{"line":11,"column":10},"end":{"line":11,"column":22}}],"line":11},"1":{"loc":{"start":{"line":14,"column":2},"end":{"line":27,"column":3}},"type":"switch","locations":[{"start":{"line":15,"column":4},"end":{"line":16,"column":54}},{"start":{"line":17,"column":4},"end":{"line":18,"column":52}},{"start":{"line":19,"column":4},"end":{"line":20,"column":48}},{"start":{"line":21,"column":4},"end":{"line":22,"column":46}},{"start":{"line":23,"column":4},"end":{"line":24,"column":26}},{"start":{"line":25,"column":4},"end":{"line":26,"column":19}}],"line":14}},"s":{"0":1,"1":1,"2":5,"3":1,"4":1,"5":1,"6":1,"7":1,"8":0},"f":{"0":5},"b":{"0":[1],"1":[1,1,1,1,1,0]},"_coverageSchema":"1a1c01bbd47fc00a2c39e90264f33305004495a9","hash":"d3be3380c2a44029e01ac6ba09e0276ac9bb842c"}
,"/Users/vaheminasyan/Desktop/tez/website/client/src/redux/Reducers/t2iReducer.tsx": {"path":"/Users/vaheminasyan/Desktop/tez/website/client/src/redux/Reducers/t2iReducer.tsx","statementMap":{"0":{"start":{"line":3,"column":21},"end":{"line":9,"column":1}},"1":{"start":{"line":11,"column":26},"end":{"line":39,"column":1}},"2":{"start":{"line":15,"column":2},"end":{"line":38,"column":3}},"3":{"start":{"line":17,"column":6},"end":{"line":17,"column":47}},"4":{"start":{"line":19,"column":6},"end":{"line":19,"column":48}},"5":{"start":{"line":21,"column":6},"end":{"line":21,"column":46}},"6":{"start":{"line":23,"column":6},"end":{"line":23,"column":48}},"7":{"start":{"line":25,"column":20},"end":{"line":25,"column":45}},"8":{"start":{"line":26,"column":18},"end":{"line":26,"column":46}},"9":{"start":{"line":27,"column":6},"end":{"line":31,"column":7}},"10":{"start":{"line":28,"column":8},"end":{"line":28,"column":33}},"11":{"start":{"line":30,"column":8},"end":{"line":30,"column":34}},"12":{"start":{"line":32,"column":6},"end":{"line":35,"column":8}},"13":{"start":{"line":37,"column":6},"end":{"line":37,"column":19}}},"fnMap":{"0":{"name":"(anonymous_0)","decl":{"start":{"line":11,"column":26},"end":{"line":11,"column":27}},"loc":{"start":{"line":14,"column":5},"end":{"line":39,"column":1}},"line":14}},"branchMap":{"0":{"loc":{"start":{"line":12,"column":2},"end":{"line":12,"column":22}},"type":"default-arg","locations":[{"start":{"line":12,"column":10},"end":{"line":12,"column":22}}],"line":12},"1":{"loc":{"start":{"line":15,"column":2},"end":{"line":38,"column":3}},"type":"switch","locations":[{"start":{"line":16,"column":4},"end":{"line":17,"column":47}},{"start":{"line":18,"column":4},"end":{"line":19,"column":48}},{"start":{"line":20,"column":4},"end":{"line":21,"column":46}},{"start":{"line":22,"column":4},"end":{"line":23,"column":48}},{"start":{"line":24,"column":4},"end":{"line":35,"column":8}},{"start":{"line":36,"column":4},"end":{"line":37,"column":19}}],"line":15},"2":{"loc":{"start":{"line":27,"column":6},"end":{"line":31,"column":7}},"type":"if","locations":[{"start":{"line":27,"column":6},"end":{"line":31,"column":7}},{"start":{"line":29,"column":13},"end":{"line":31,"column":7}}],"line":27}},"s":{"0":1,"1":1,"2":6,"3":1,"4":1,"5":1,"6":1,"7":2,"8":2,"9":2,"10":1,"11":1,"12":2,"13":0},"f":{"0":6},"b":{"0":[1],"1":[1,1,1,1,2,0],"2":[1,1]},"_coverageSchema":"1a1c01bbd47fc00a2c39e90264f33305004495a9","hash":"936a198089f91369007057d47296cff6afffea34"}
}
